Start testing: Jan 26 00:56 Pacific Standard Time
----------------------------------------------------------
1/105 Testing: core_span_test
1/105 Test: core_span_test
Command: "C:/Dev/Cursive/cursive-bootstrap/build/tests/Release/core_span_test.exe"
Directory: C:/Dev/Cursive/cursive-bootstrap/build/tests
"core_span_test" start time: Jan 26 00:56 Pacific Standard Time
Output:
----------------------------------------------------------
<end of output>
Test time =   0.05 sec
----------------------------------------------------------
Test Passed.
"core_span_test" end time: Jan 26 00:56 Pacific Standard Time
"core_span_test" time elapsed: 00:00:00
----------------------------------------------------------

2/105 Testing: syntax_token_span_test
2/105 Test: syntax_token_span_test
Command: "C:/Dev/Cursive/cursive-bootstrap/build/tests/Release/syntax_token_span_test.exe"
Directory: C:/Dev/Cursive/cursive-bootstrap/build/tests
"syntax_token_span_test" start time: Jan 26 00:56 Pacific Standard Time
Output:
----------------------------------------------------------
<end of output>
Test time =   0.04 sec
----------------------------------------------------------
Test Passed.
"syntax_token_span_test" end time: Jan 26 00:56 Pacific Standard Time
"syntax_token_span_test" time elapsed: 00:00:00
----------------------------------------------------------

3/105 Testing: syntax_newline_termination_test
3/105 Test: syntax_newline_termination_test
Command: "C:/Dev/Cursive/cursive-bootstrap/build/tests/Release/syntax_newline_termination_test.exe"
Directory: C:/Dev/Cursive/cursive-bootstrap/build/tests
"syntax_newline_termination_test" start time: Jan 26 00:56 Pacific Standard Time
Output:
----------------------------------------------------------
<end of output>
Test time =   0.05 sec
----------------------------------------------------------
Test Passed.
"syntax_newline_termination_test" end time: Jan 26 00:56 Pacific Standard Time
"syntax_newline_termination_test" time elapsed: 00:00:00
----------------------------------------------------------

4/105 Testing: syntax_lexer_ws_test
4/105 Test: syntax_lexer_ws_test
Command: "C:/Dev/Cursive/cursive-bootstrap/build/tests/Release/syntax_lexer_ws_test.exe"
Directory: C:/Dev/Cursive/cursive-bootstrap/build/tests
"syntax_lexer_ws_test" start time: Jan 26 00:56 Pacific Standard Time
Output:
----------------------------------------------------------
<end of output>
Test time =   0.10 sec
----------------------------------------------------------
Test Passed.
"syntax_lexer_ws_test" end time: Jan 26 00:56 Pacific Standard Time
"syntax_lexer_ws_test" time elapsed: 00:00:00
----------------------------------------------------------

5/105 Testing: syntax_lexer_literals_test
5/105 Test: syntax_lexer_literals_test
Command: "C:/Dev/Cursive/cursive-bootstrap/build/tests/Release/syntax_lexer_literals_test.exe"
Directory: C:/Dev/Cursive/cursive-bootstrap/build/tests
"syntax_lexer_literals_test" start time: Jan 26 00:56 Pacific Standard Time
Output:
----------------------------------------------------------
<end of output>
Test time =   0.04 sec
----------------------------------------------------------
Test Passed.
"syntax_lexer_literals_test" end time: Jan 26 00:56 Pacific Standard Time
"syntax_lexer_literals_test" time elapsed: 00:00:00
----------------------------------------------------------

6/105 Testing: syntax_lexer_ident_kw_test
6/105 Test: syntax_lexer_ident_kw_test
Command: "C:/Dev/Cursive/cursive-bootstrap/build/tests/Release/syntax_lexer_ident_kw_test.exe"
Directory: C:/Dev/Cursive/cursive-bootstrap/build/tests
"syntax_lexer_ident_kw_test" start time: Jan 26 00:56 Pacific Standard Time
Output:
----------------------------------------------------------
<end of output>
Test time =   0.05 sec
----------------------------------------------------------
Test Passed.
"syntax_lexer_ident_kw_test" end time: Jan 26 00:56 Pacific Standard Time
"syntax_lexer_ident_kw_test" time elapsed: 00:00:00
----------------------------------------------------------

7/105 Testing: syntax_lexer_max_munch_test
7/105 Test: syntax_lexer_max_munch_test
Command: "C:/Dev/Cursive/cursive-bootstrap/build/tests/Release/syntax_lexer_max_munch_test.exe"
Directory: C:/Dev/Cursive/cursive-bootstrap/build/tests
"syntax_lexer_max_munch_test" start time: Jan 26 00:56 Pacific Standard Time
Output:
----------------------------------------------------------
<end of output>
Test time =   0.04 sec
----------------------------------------------------------
Test Passed.
"syntax_lexer_max_munch_test" end time: Jan 26 00:56 Pacific Standard Time
"syntax_lexer_max_munch_test" time elapsed: 00:00:00
----------------------------------------------------------

8/105 Testing: syntax_lexer_security_test
8/105 Test: syntax_lexer_security_test
Command: "C:/Dev/Cursive/cursive-bootstrap/build/tests/Release/syntax_lexer_security_test.exe"
Directory: C:/Dev/Cursive/cursive-bootstrap/build/tests
"syntax_lexer_security_test" start time: Jan 26 00:56 Pacific Standard Time
Output:
----------------------------------------------------------
<end of output>
Test time =   0.05 sec
----------------------------------------------------------
Test Passed.
"syntax_lexer_security_test" end time: Jan 26 00:56 Pacific Standard Time
"syntax_lexer_security_test" time elapsed: 00:00:00
----------------------------------------------------------

9/105 Testing: syntax_tokenize_test
9/105 Test: syntax_tokenize_test
Command: "C:/Dev/Cursive/cursive-bootstrap/build/tests/Release/syntax_tokenize_test.exe"
Directory: C:/Dev/Cursive/cursive-bootstrap/build/tests
"syntax_tokenize_test" start time: Jan 26 00:56 Pacific Standard Time
Output:
----------------------------------------------------------
<end of output>
Test time =   0.04 sec
----------------------------------------------------------
Test Passed.
"syntax_tokenize_test" end time: Jan 26 00:56 Pacific Standard Time
"syntax_tokenize_test" time elapsed: 00:00:00
----------------------------------------------------------

10/105 Testing: syntax_parser_core_test
10/105 Test: syntax_parser_core_test
Command: "C:/Dev/Cursive/cursive-bootstrap/build/tests/Release/syntax_parser_core_test.exe"
Directory: C:/Dev/Cursive/cursive-bootstrap/build/tests
"syntax_parser_core_test" start time: Jan 26 00:56 Pacific Standard Time
Output:
----------------------------------------------------------
<end of output>
Test time =   0.05 sec
----------------------------------------------------------
Test Passed.
"syntax_parser_core_test" end time: Jan 26 00:56 Pacific Standard Time
"syntax_parser_core_test" time elapsed: 00:00:00
----------------------------------------------------------

11/105 Testing: syntax_parser_items_test
11/105 Test: syntax_parser_items_test
Command: "C:/Dev/Cursive/cursive-bootstrap/build/tests/Release/syntax_parser_items_test.exe"
Directory: C:/Dev/Cursive/cursive-bootstrap/build/tests
"syntax_parser_items_test" start time: Jan 26 00:56 Pacific Standard Time
Output:
----------------------------------------------------------
<end of output>
Test time =   0.05 sec
----------------------------------------------------------
Test Passed.
"syntax_parser_items_test" end time: Jan 26 00:56 Pacific Standard Time
"syntax_parser_items_test" time elapsed: 00:00:00
----------------------------------------------------------

12/105 Testing: syntax_parser_stmt_test
12/105 Test: syntax_parser_stmt_test
Command: "C:/Dev/Cursive/cursive-bootstrap/build/tests/Release/syntax_parser_stmt_test.exe"
Directory: C:/Dev/Cursive/cursive-bootstrap/build/tests
"syntax_parser_stmt_test" start time: Jan 26 00:56 Pacific Standard Time
Output:
----------------------------------------------------------
<end of output>
Test time =   0.05 sec
----------------------------------------------------------
Test Passed.
"syntax_parser_stmt_test" end time: Jan 26 00:56 Pacific Standard Time
"syntax_parser_stmt_test" time elapsed: 00:00:00
----------------------------------------------------------

13/105 Testing: syntax_parser_expr_test
13/105 Test: syntax_parser_expr_test
Command: "C:/Dev/Cursive/cursive-bootstrap/build/tests/Release/syntax_parser_expr_test.exe"
Directory: C:/Dev/Cursive/cursive-bootstrap/build/tests
"syntax_parser_expr_test" start time: Jan 26 00:56 Pacific Standard Time
Output:
----------------------------------------------------------
<end of output>
Test time =   0.05 sec
----------------------------------------------------------
Test Passed.
"syntax_parser_expr_test" end time: Jan 26 00:56 Pacific Standard Time
"syntax_parser_expr_test" time elapsed: 00:00:00
----------------------------------------------------------

14/105 Testing: syntax_parser_pattern_test
14/105 Test: syntax_parser_pattern_test
Command: "C:/Dev/Cursive/cursive-bootstrap/build/tests/Release/syntax_parser_pattern_test.exe"
Directory: C:/Dev/Cursive/cursive-bootstrap/build/tests
"syntax_parser_pattern_test" start time: Jan 26 00:56 Pacific Standard Time
Output:
----------------------------------------------------------
<end of output>
Test time =   0.05 sec
----------------------------------------------------------
Test Passed.
"syntax_parser_pattern_test" end time: Jan 26 00:56 Pacific Standard Time
"syntax_parser_pattern_test" time elapsed: 00:00:00
----------------------------------------------------------

15/105 Testing: syntax_parser_type_test
15/105 Test: syntax_parser_type_test
Command: "C:/Dev/Cursive/cursive-bootstrap/build/tests/Release/syntax_parser_type_test.exe"
Directory: C:/Dev/Cursive/cursive-bootstrap/build/tests
"syntax_parser_type_test" start time: Jan 26 00:56 Pacific Standard Time
Output:
----------------------------------------------------------
<end of output>
Test time =   0.05 sec
----------------------------------------------------------
Test Passed.
"syntax_parser_type_test" end time: Jan 26 00:56 Pacific Standard Time
"syntax_parser_type_test" time elapsed: 00:00:00
----------------------------------------------------------

16/105 Testing: syntax_parser_docs_test
16/105 Test: syntax_parser_docs_test
Command: "C:/Dev/Cursive/cursive-bootstrap/build/tests/Release/syntax_parser_docs_test.exe"
Directory: C:/Dev/Cursive/cursive-bootstrap/build/tests
"syntax_parser_docs_test" start time: Jan 26 00:56 Pacific Standard Time
Output:
----------------------------------------------------------
<end of output>
Test time =   0.05 sec
----------------------------------------------------------
Test Passed.
"syntax_parser_docs_test" end time: Jan 26 00:56 Pacific Standard Time
"syntax_parser_docs_test" time elapsed: 00:00:00
----------------------------------------------------------

17/105 Testing: syntax_parser_consume_test
17/105 Test: syntax_parser_consume_test
Command: "C:/Dev/Cursive/cursive-bootstrap/build/tests/Release/syntax_parser_consume_test.exe"
Directory: C:/Dev/Cursive/cursive-bootstrap/build/tests
"syntax_parser_consume_test" start time: Jan 26 00:56 Pacific Standard Time
Output:
----------------------------------------------------------
<end of output>
Test time =   0.05 sec
----------------------------------------------------------
Test Passed.
"syntax_parser_consume_test" end time: Jan 26 00:56 Pacific Standard Time
"syntax_parser_consume_test" time elapsed: 00:00:00
----------------------------------------------------------

18/105 Testing: syntax_parser_angle_test
18/105 Test: syntax_parser_angle_test
Command: "C:/Dev/Cursive/cursive-bootstrap/build/tests/Release/syntax_parser_angle_test.exe"
Directory: C:/Dev/Cursive/cursive-bootstrap/build/tests
"syntax_parser_angle_test" start time: Jan 26 00:56 Pacific Standard Time
Output:
----------------------------------------------------------
<end of output>
Test time =   0.04 sec
----------------------------------------------------------
Test Passed.
"syntax_parser_angle_test" end time: Jan 26 00:56 Pacific Standard Time
"syntax_parser_angle_test" time elapsed: 00:00:00
----------------------------------------------------------

19/105 Testing: syntax_keyword_policy_test
19/105 Test: syntax_keyword_policy_test
Command: "C:/Dev/Cursive/cursive-bootstrap/build/tests/Release/syntax_keyword_policy_test.exe"
Directory: C:/Dev/Cursive/cursive-bootstrap/build/tests
"syntax_keyword_policy_test" start time: Jan 26 00:56 Pacific Standard Time
Output:
----------------------------------------------------------
<end of output>
Test time =   0.04 sec
----------------------------------------------------------
Test Passed.
"syntax_keyword_policy_test" end time: Jan 26 00:56 Pacific Standard Time
"syntax_keyword_policy_test" time elapsed: 00:00:00
----------------------------------------------------------

20/105 Testing: analysis_scopes_test
20/105 Test: analysis_scopes_test
Command: "C:/Dev/Cursive/cursive-bootstrap/build/tests/Release/analysis_scopes_test.exe"
Directory: C:/Dev/Cursive/cursive-bootstrap/build/tests
"analysis_scopes_test" start time: Jan 26 00:56 Pacific Standard Time
Output:
----------------------------------------------------------
<end of output>
Test time =   0.05 sec
----------------------------------------------------------
Test Passed.
"analysis_scopes_test" end time: Jan 26 00:56 Pacific Standard Time
"analysis_scopes_test" time elapsed: 00:00:00
----------------------------------------------------------

21/105 Testing: analysis_scopes_intro_test
21/105 Test: analysis_scopes_intro_test
Command: "C:/Dev/Cursive/cursive-bootstrap/build/tests/Release/analysis_scopes_intro_test.exe"
Directory: C:/Dev/Cursive/cursive-bootstrap/build/tests
"analysis_scopes_intro_test" start time: Jan 26 00:56 Pacific Standard Time
Output:
----------------------------------------------------------
<end of output>
Test time =   0.05 sec
----------------------------------------------------------
Test Passed.
"analysis_scopes_intro_test" end time: Jan 26 00:56 Pacific Standard Time
"analysis_scopes_intro_test" time elapsed: 00:00:00
----------------------------------------------------------

22/105 Testing: analysis_types_test
22/105 Test: analysis_types_test
Command: "C:/Dev/Cursive/cursive-bootstrap/build/tests/Release/analysis_types_test.exe"
Directory: C:/Dev/Cursive/cursive-bootstrap/build/tests
"analysis_types_test" start time: Jan 26 00:56 Pacific Standard Time
Output:
----------------------------------------------------------
<end of output>
Test time =   0.04 sec
----------------------------------------------------------
Test Passed.
"analysis_types_test" end time: Jan 26 00:56 Pacific Standard Time
"analysis_types_test" time elapsed: 00:00:00
----------------------------------------------------------

23/105 Testing: analysis_type_equiv_test
23/105 Test: analysis_type_equiv_test
Command: "C:/Dev/Cursive/cursive-bootstrap/build/tests/Release/analysis_type_equiv_test.exe"
Directory: C:/Dev/Cursive/cursive-bootstrap/build/tests
"analysis_type_equiv_test" start time: Jan 26 00:56 Pacific Standard Time
Output:
----------------------------------------------------------
<end of output>
Test time =   0.05 sec
----------------------------------------------------------
Test Passed.
"analysis_type_equiv_test" end time: Jan 26 00:56 Pacific Standard Time
"analysis_type_equiv_test" time elapsed: 00:00:00
----------------------------------------------------------

24/105 Testing: analysis_subtyping_test
24/105 Test: analysis_subtyping_test
Command: "C:/Dev/Cursive/cursive-bootstrap/build/tests/Release/analysis_subtyping_test.exe"
Directory: C:/Dev/Cursive/cursive-bootstrap/build/tests
"analysis_subtyping_test" start time: Jan 26 00:56 Pacific Standard Time
Output:
----------------------------------------------------------
<end of output>
Test time =   0.05 sec
----------------------------------------------------------
Test Passed.
"analysis_subtyping_test" end time: Jan 26 00:56 Pacific Standard Time
"analysis_subtyping_test" time elapsed: 00:00:00
----------------------------------------------------------

25/105 Testing: analysis_borrow_bind_test
25/105 Test: analysis_borrow_bind_test
Command: "C:/Dev/Cursive/cursive-bootstrap/build/tests/Release/analysis_borrow_bind_test.exe"
Directory: C:/Dev/Cursive/cursive-bootstrap/build/tests
"analysis_borrow_bind_test" start time: Jan 26 00:56 Pacific Standard Time
Output:
----------------------------------------------------------
<end of output>
Test time =   0.04 sec
----------------------------------------------------------
Test Passed.
"analysis_borrow_bind_test" end time: Jan 26 00:56 Pacific Standard Time
"analysis_borrow_bind_test" time elapsed: 00:00:00
----------------------------------------------------------

26/105 Testing: analysis_calls_test
26/105 Test: analysis_calls_test
Command: "C:/Dev/Cursive/cursive-bootstrap/build/tests/Release/analysis_calls_test.exe"
Directory: C:/Dev/Cursive/cursive-bootstrap/build/tests
"analysis_calls_test" start time: Jan 26 00:56 Pacific Standard Time
Output:
----------------------------------------------------------
<end of output>
Test time =   0.05 sec
----------------------------------------------------------
Test Passed.
"analysis_calls_test" end time: Jan 26 00:56 Pacific Standard Time
"analysis_calls_test" time elapsed: 00:00:00
----------------------------------------------------------

27/105 Testing: analysis_tuples_test
27/105 Test: analysis_tuples_test
Command: "C:/Dev/Cursive/cursive-bootstrap/build/tests/Release/analysis_tuples_test.exe"
Directory: C:/Dev/Cursive/cursive-bootstrap/build/tests
"analysis_tuples_test" start time: Jan 26 00:56 Pacific Standard Time
Output:
----------------------------------------------------------
<end of output>
Test time =   0.05 sec
----------------------------------------------------------
Test Passed.
"analysis_tuples_test" end time: Jan 26 00:56 Pacific Standard Time
"analysis_tuples_test" time elapsed: 00:00:00
----------------------------------------------------------

28/105 Testing: analysis_arrays_slices_test
28/105 Test: analysis_arrays_slices_test
Command: "C:/Dev/Cursive/cursive-bootstrap/build/tests/Release/analysis_arrays_slices_test.exe"
Directory: C:/Dev/Cursive/cursive-bootstrap/build/tests
"analysis_arrays_slices_test" start time: Jan 26 00:56 Pacific Standard Time
Output:
----------------------------------------------------------
<end of output>
Test time =   0.04 sec
----------------------------------------------------------
Test Passed.
"analysis_arrays_slices_test" end time: Jan 26 00:56 Pacific Standard Time
"analysis_arrays_slices_test" time elapsed: 00:00:00
----------------------------------------------------------

29/105 Testing: analysis_enum_disc_test
29/105 Test: analysis_enum_disc_test
Command: "C:/Dev/Cursive/cursive-bootstrap/build/tests/Release/analysis_enum_disc_test.exe"
Directory: C:/Dev/Cursive/cursive-bootstrap/build/tests
"analysis_enum_disc_test" start time: Jan 26 00:56 Pacific Standard Time
Output:
----------------------------------------------------------
<end of output>
Test time =   0.04 sec
----------------------------------------------------------
Test Passed.
"analysis_enum_disc_test" end time: Jan 26 00:56 Pacific Standard Time
"analysis_enum_disc_test" time elapsed: 00:00:00
----------------------------------------------------------

30/105 Testing: analysis_unions_test
30/105 Test: analysis_unions_test
Command: "C:/Dev/Cursive/cursive-bootstrap/build/tests/Release/analysis_unions_test.exe"
Directory: C:/Dev/Cursive/cursive-bootstrap/build/tests
"analysis_unions_test" start time: Jan 26 00:56 Pacific Standard Time
Output:
----------------------------------------------------------
<end of output>
Test time =   0.05 sec
----------------------------------------------------------
Test Passed.
"analysis_unions_test" end time: Jan 26 00:56 Pacific Standard Time
"analysis_unions_test" time elapsed: 00:00:00
----------------------------------------------------------

31/105 Testing: analysis_records_test
31/105 Test: analysis_records_test
Command: "C:/Dev/Cursive/cursive-bootstrap/build/tests/Release/analysis_records_test.exe"
Directory: C:/Dev/Cursive/cursive-bootstrap/build/tests
"analysis_records_test" start time: Jan 26 00:56 Pacific Standard Time
Output:
----------------------------------------------------------
<end of output>
Test time =   0.05 sec
----------------------------------------------------------
Test Passed.
"analysis_records_test" end time: Jan 26 00:56 Pacific Standard Time
"analysis_records_test" time elapsed: 00:00:00
----------------------------------------------------------

32/105 Testing: analysis_type_infer_test
32/105 Test: analysis_type_infer_test
Command: "C:/Dev/Cursive/cursive-bootstrap/build/tests/Release/analysis_type_infer_test.exe"
Directory: C:/Dev/Cursive/cursive-bootstrap/build/tests
"analysis_type_infer_test" start time: Jan 26 00:56 Pacific Standard Time
Output:
----------------------------------------------------------
<end of output>
Test time =   0.05 sec
----------------------------------------------------------
Test Passed.
"analysis_type_infer_test" end time: Jan 26 00:56 Pacific Standard Time
"analysis_type_infer_test" time elapsed: 00:00:00
----------------------------------------------------------

33/105 Testing: analysis_type_stmt_test
33/105 Test: analysis_type_stmt_test
Command: "C:/Dev/Cursive/cursive-bootstrap/build/tests/Release/analysis_type_stmt_test.exe"
Directory: C:/Dev/Cursive/cursive-bootstrap/build/tests
"analysis_type_stmt_test" start time: Jan 26 00:56 Pacific Standard Time
Output:
----------------------------------------------------------
<end of output>
Test time =   0.05 sec
----------------------------------------------------------
Test Passed.
"analysis_type_stmt_test" end time: Jan 26 00:56 Pacific Standard Time
"analysis_type_stmt_test" time elapsed: 00:00:00
----------------------------------------------------------

34/105 Testing: analysis_collect_toplevel_test
34/105 Test: analysis_collect_toplevel_test
Command: "C:/Dev/Cursive/cursive-bootstrap/build/tests/Release/analysis_collect_toplevel_test.exe"
Directory: C:/Dev/Cursive/cursive-bootstrap/build/tests
"analysis_collect_toplevel_test" start time: Jan 26 00:56 Pacific Standard Time
Output:
----------------------------------------------------------
<end of output>
Test time =   0.05 sec
----------------------------------------------------------
Test Passed.
"analysis_collect_toplevel_test" end time: Jan 26 00:56 Pacific Standard Time
"analysis_collect_toplevel_test" time elapsed: 00:00:00
----------------------------------------------------------

35/105 Testing: analysis_resolve_qual_test
35/105 Test: analysis_resolve_qual_test
Command: "C:/Dev/Cursive/cursive-bootstrap/build/tests/Release/analysis_resolve_qual_test.exe"
Directory: C:/Dev/Cursive/cursive-bootstrap/build/tests
"analysis_resolve_qual_test" start time: Jan 26 00:56 Pacific Standard Time
Output:
----------------------------------------------------------
<end of output>
Test time =   0.05 sec
----------------------------------------------------------
Test Passed.
"analysis_resolve_qual_test" end time: Jan 26 00:56 Pacific Standard Time
"analysis_resolve_qual_test" time elapsed: 00:00:00
----------------------------------------------------------

36/105 Testing: core_diagnostics_emit_test
36/105 Test: core_diagnostics_emit_test
Command: "C:/Dev/Cursive/cursive-bootstrap/build/tests/Release/core_diagnostics_emit_test.exe"
Directory: C:/Dev/Cursive/cursive-bootstrap/build/tests
"core_diagnostics_emit_test" start time: Jan 26 00:56 Pacific Standard Time
Output:
----------------------------------------------------------
<end of output>
Test time =   0.04 sec
----------------------------------------------------------
Test Passed.
"core_diagnostics_emit_test" end time: Jan 26 00:56 Pacific Standard Time
"core_diagnostics_emit_test" time elapsed: 00:00:00
----------------------------------------------------------

37/105 Testing: core_diag_code_selection_test
37/105 Test: core_diag_code_selection_test
Command: "C:/Dev/Cursive/cursive-bootstrap/build/tests/Release/core_diag_code_selection_test.exe"
Directory: C:/Dev/Cursive/cursive-bootstrap/build/tests
"core_diag_code_selection_test" start time: Jan 26 00:56 Pacific Standard Time
Output:
----------------------------------------------------------
Traceback (most recent call last):
  File "C:\Dev\Cursive\cursive-bootstrap\tools\diag_extractor.py", line 159, in <module>
    sys.exit(main())
             ~~~~^^
  File "C:\Dev\Cursive\cursive-bootstrap\tools\diag_extractor.py", line 134, in main
    entries = parse_spec(spec_path)
  File "C:\Dev\Cursive\cursive-bootstrap\tools\diag_extractor.py", line 87, in parse_spec
    raise ValueError(f"Invalid diagnostic code format: {code}")
ValueError: Invalid diagnostic code format: P-TYP-1953
Traceback (most recent call last):
  File "C:\Dev\Cursive\cursive-bootstrap\tools\diag_extractor.py", line 159, in <module>
    sys.exit(main())
             ~~~~^^
  File "C:\Dev\Cursive\cursive-bootstrap\tools\diag_extractor.py", line 134, in main
    entries = parse_spec(spec_path)
  File "C:\Dev\Cursive\cursive-bootstrap\tools\diag_extractor.py", line 87, in parse_spec
    raise ValueError(f"Invalid diagnostic code format: {code}")
ValueError: Invalid diagnostic code format: P-TYP-1953
<end of output>
Test time =   0.62 sec
----------------------------------------------------------
Test Passed.
"core_diag_code_selection_test" end time: Jan 26 00:56 Pacific Standard Time
"core_diag_code_selection_test" time elapsed: 00:00:00
----------------------------------------------------------

38/105 Testing: core_diag_order_test
38/105 Test: core_diag_order_test
Command: "C:/Dev/Cursive/cursive-bootstrap/build/tests/Release/core_diag_order_test.exe"
Directory: C:/Dev/Cursive/cursive-bootstrap/build/tests
"core_diag_order_test" start time: Jan 26 00:56 Pacific Standard Time
Output:
----------------------------------------------------------
<end of output>
Test time =   0.04 sec
----------------------------------------------------------
Test Passed.
"core_diag_order_test" end time: Jan 26 00:56 Pacific Standard Time
"core_diag_order_test" time elapsed: 00:00:00
----------------------------------------------------------

39/105 Testing: core_diag_external_test
39/105 Test: core_diag_external_test
Command: "C:/Dev/Cursive/cursive-bootstrap/build/tests/Release/core_diag_external_test.exe"
Directory: C:/Dev/Cursive/cursive-bootstrap/build/tests
"core_diag_external_test" start time: Jan 26 00:56 Pacific Standard Time
Output:
----------------------------------------------------------
<end of output>
Test time =   0.04 sec
----------------------------------------------------------
Test Passed.
"core_diag_external_test" end time: Jan 26 00:56 Pacific Standard Time
"core_diag_external_test" time elapsed: 00:00:00
----------------------------------------------------------

40/105 Testing: core_diag_render_test
40/105 Test: core_diag_render_test
Command: "C:/Dev/Cursive/cursive-bootstrap/build/tests/Release/core_diag_render_test.exe"
Directory: C:/Dev/Cursive/cursive-bootstrap/build/tests
"core_diag_render_test" start time: Jan 26 00:56 Pacific Standard Time
Output:
----------------------------------------------------------
<end of output>
Test time =   0.04 sec
----------------------------------------------------------
Test Passed.
"core_diag_render_test" end time: Jan 26 00:56 Pacific Standard Time
"core_diag_render_test" time elapsed: 00:00:00
----------------------------------------------------------

41/105 Testing: core_diag_messages_test
41/105 Test: core_diag_messages_test
Command: "C:/Dev/Cursive/cursive-bootstrap/build/tests/Release/core_diag_messages_test.exe"
Directory: C:/Dev/Cursive/cursive-bootstrap/build/tests
"core_diag_messages_test" start time: Jan 26 00:56 Pacific Standard Time
Output:
----------------------------------------------------------
<end of output>
Test time =   0.21 sec
----------------------------------------------------------
Test Passed.
"core_diag_messages_test" end time: Jan 26 00:56 Pacific Standard Time
"core_diag_messages_test" time elapsed: 00:00:00
----------------------------------------------------------

42/105 Testing: core_ub_model_test
42/105 Test: core_ub_model_test
Command: "C:/Dev/Cursive/cursive-bootstrap/build/tests/Release/core_ub_model_test.exe"
Directory: C:/Dev/Cursive/cursive-bootstrap/build/tests
"core_ub_model_test" start time: Jan 26 00:56 Pacific Standard Time
Output:
----------------------------------------------------------
<end of output>
Test time =   0.04 sec
----------------------------------------------------------
Test Passed.
"core_ub_model_test" end time: Jan 26 00:56 Pacific Standard Time
"core_ub_model_test" time elapsed: 00:00:00
----------------------------------------------------------

43/105 Testing: core_host_primitives_test
43/105 Test: core_host_primitives_test
Command: "C:/Dev/Cursive/cursive-bootstrap/build/tests/Release/core_host_primitives_test.exe"
Directory: C:/Dev/Cursive/cursive-bootstrap/build/tests
"core_host_primitives_test" start time: Jan 26 00:56 Pacific Standard Time
Output:
----------------------------------------------------------
<end of output>
Test time =   0.04 sec
----------------------------------------------------------
Test Passed.
"core_host_primitives_test" end time: Jan 26 00:56 Pacific Standard Time
"core_host_primitives_test" time elapsed: 00:00:00
----------------------------------------------------------

44/105 Testing: core_source_load_test
44/105 Test: core_source_load_test
Command: "C:/Dev/Cursive/cursive-bootstrap/build/tests/Release/core_source_load_test.exe"
Directory: C:/Dev/Cursive/cursive-bootstrap/build/tests
"core_source_load_test" start time: Jan 26 00:56 Pacific Standard Time
Output:
----------------------------------------------------------
<end of output>
Test time =   0.04 sec
----------------------------------------------------------
Test Passed.
"core_source_load_test" end time: Jan 26 00:56 Pacific Standard Time
"core_source_load_test" time elapsed: 00:00:00
----------------------------------------------------------

45/105 Testing: core_line_normalization_test
45/105 Test: core_line_normalization_test
Command: "C:/Dev/Cursive/cursive-bootstrap/build/tests/Release/core_line_normalization_test.exe"
Directory: C:/Dev/Cursive/cursive-bootstrap/build/tests
"core_line_normalization_test" start time: Jan 26 00:56 Pacific Standard Time
Output:
----------------------------------------------------------
<end of output>
Test time =   0.04 sec
----------------------------------------------------------
Test Passed.
"core_line_normalization_test" end time: Jan 26 00:56 Pacific Standard Time
"core_line_normalization_test" time elapsed: 00:00:00
----------------------------------------------------------

46/105 Testing: core_prohibited_codepoints_test
46/105 Test: core_prohibited_codepoints_test
Command: "C:/Dev/Cursive/cursive-bootstrap/build/tests/Release/core_prohibited_codepoints_test.exe"
Directory: C:/Dev/Cursive/cursive-bootstrap/build/tests
"core_prohibited_codepoints_test" start time: Jan 26 00:56 Pacific Standard Time
Output:
----------------------------------------------------------
<end of output>
Test time =   0.04 sec
----------------------------------------------------------
Test Passed.
"core_prohibited_codepoints_test" end time: Jan 26 00:56 Pacific Standard Time
"core_prohibited_codepoints_test" time elapsed: 00:00:00
----------------------------------------------------------

47/105 Testing: project_manifest_parse_test
47/105 Test: project_manifest_parse_test
Command: "C:/Dev/Cursive/cursive-bootstrap/build/tests/Release/project_manifest_parse_test.exe"
Directory: C:/Dev/Cursive/cursive-bootstrap/build/tests
"project_manifest_parse_test" start time: Jan 26 00:56 Pacific Standard Time
Output:
----------------------------------------------------------
<end of output>
Test time =   0.06 sec
----------------------------------------------------------
Test Passed.
"project_manifest_parse_test" end time: Jan 26 00:56 Pacific Standard Time
"project_manifest_parse_test" time elapsed: 00:00:00
----------------------------------------------------------

48/105 Testing: project_manifest_validate_test
48/105 Test: project_manifest_validate_test
Command: "C:/Dev/Cursive/cursive-bootstrap/build/tests/Release/project_manifest_validate_test.exe"
Directory: C:/Dev/Cursive/cursive-bootstrap/build/tests
"project_manifest_validate_test" start time: Jan 26 00:56 Pacific Standard Time
Output:
----------------------------------------------------------
<end of output>
Test time =   0.05 sec
----------------------------------------------------------
Test Passed.
"project_manifest_validate_test" end time: Jan 26 00:56 Pacific Standard Time
"project_manifest_validate_test" time elapsed: 00:00:00
----------------------------------------------------------

49/105 Testing: project_load_pipeline_test
49/105 Test: project_load_pipeline_test
Command: "C:/Dev/Cursive/cursive-bootstrap/build/tests/Release/project_load_pipeline_test.exe"
Directory: C:/Dev/Cursive/cursive-bootstrap/build/tests
"project_load_pipeline_test" start time: Jan 26 00:56 Pacific Standard Time
Output:
----------------------------------------------------------
<end of output>
Test time =   0.05 sec
----------------------------------------------------------
Test Passed.
"project_load_pipeline_test" end time: Jan 26 00:56 Pacific Standard Time
"project_load_pipeline_test" time elapsed: 00:00:00
----------------------------------------------------------

50/105 Testing: project_deterministic_order_test
50/105 Test: project_deterministic_order_test
Command: "C:/Dev/Cursive/cursive-bootstrap/build/tests/Release/project_deterministic_order_test.exe"
Directory: C:/Dev/Cursive/cursive-bootstrap/build/tests
"project_deterministic_order_test" start time: Jan 26 00:56 Pacific Standard Time
Output:
----------------------------------------------------------
<end of output>
Test time =   0.04 sec
----------------------------------------------------------
Test Passed.
"project_deterministic_order_test" end time: Jan 26 00:56 Pacific Standard Time
"project_deterministic_order_test" time elapsed: 00:00:00
----------------------------------------------------------

51/105 Testing: project_module_discovery_test
51/105 Test: project_module_discovery_test
Command: "C:/Dev/Cursive/cursive-bootstrap/build/tests/Release/project_module_discovery_test.exe"
Directory: C:/Dev/Cursive/cursive-bootstrap/build/tests
"project_module_discovery_test" start time: Jan 26 00:56 Pacific Standard Time
Output:
----------------------------------------------------------
<end of output>
Test time =   0.05 sec
----------------------------------------------------------
Test Passed.
"project_module_discovery_test" end time: Jan 26 00:56 Pacific Standard Time
"project_module_discovery_test" time elapsed: 00:00:00
----------------------------------------------------------

52/105 Testing: project_outputs_test
52/105 Test: project_outputs_test
Command: "C:/Dev/Cursive/cursive-bootstrap/build/tests/Release/project_outputs_test.exe"
Directory: C:/Dev/Cursive/cursive-bootstrap/build/tests
"project_outputs_test" start time: Jan 26 00:56 Pacific Standard Time
Output:
----------------------------------------------------------
<end of output>
Test time =   0.04 sec
----------------------------------------------------------
Test Passed.
"project_outputs_test" end time: Jan 26 00:56 Pacific Standard Time
"project_outputs_test" time elapsed: 00:00:00
----------------------------------------------------------

53/105 Testing: project_link_test
53/105 Test: project_link_test
Command: "C:/Dev/Cursive/cursive-bootstrap/build/tests/Release/project_link_test.exe"
Directory: C:/Dev/Cursive/cursive-bootstrap/build/tests
"project_link_test" start time: Jan 26 00:56 Pacific Standard Time
Output:
----------------------------------------------------------
<end of output>
Test time =   0.05 sec
----------------------------------------------------------
Test Passed.
"project_link_test" end time: Jan 26 00:56 Pacific Standard Time
"project_link_test" time elapsed: 00:00:00
----------------------------------------------------------

54/105 Testing: project_tool_resolution_test
54/105 Test: project_tool_resolution_test
Command: "C:/Dev/Cursive/cursive-bootstrap/build/tests/Release/project_tool_resolution_test.exe"
Directory: C:/Dev/Cursive/cursive-bootstrap/build/tests
"project_tool_resolution_test" start time: Jan 26 00:56 Pacific Standard Time
Output:
----------------------------------------------------------
<end of output>
Test time =   0.05 sec
----------------------------------------------------------
Test Passed.
"project_tool_resolution_test" end time: Jan 26 00:56 Pacific Standard Time
"project_tool_resolution_test" time elapsed: 00:00:00
----------------------------------------------------------

55/105 Testing: project_ir_assembly_test
55/105 Test: project_ir_assembly_test
Command: "C:/Dev/Cursive/cursive-bootstrap/build/tests/Release/project_ir_assembly_test.exe"
Directory: C:/Dev/Cursive/cursive-bootstrap/build/tests
"project_ir_assembly_test" start time: Jan 26 00:56 Pacific Standard Time
Output:
----------------------------------------------------------
<end of output>
Test time =   0.04 sec
----------------------------------------------------------
Test Passed.
"project_ir_assembly_test" end time: Jan 26 00:56 Pacific Standard Time
"project_ir_assembly_test" time elapsed: 00:00:00
----------------------------------------------------------

56/105 Testing: syntax_parse_modules_test
56/105 Test: syntax_parse_modules_test
Command: "C:/Dev/Cursive/cursive-bootstrap/build/tests/Release/syntax_parse_modules_test.exe"
Directory: C:/Dev/Cursive/cursive-bootstrap/build/tests
"syntax_parse_modules_test" start time: Jan 26 00:56 Pacific Standard Time
Output:
----------------------------------------------------------
<end of output>
Test time =   0.06 sec
----------------------------------------------------------
Test Passed.
"syntax_parse_modules_test" end time: Jan 26 00:56 Pacific Standard Time
"syntax_parse_modules_test" time elapsed: 00:00:00
----------------------------------------------------------

57/105 Testing: analysis_conformance_test
57/105 Test: analysis_conformance_test
Command: "C:/Dev/Cursive/cursive-bootstrap/build/tests/Release/analysis_conformance_test.exe"
Directory: C:/Dev/Cursive/cursive-bootstrap/build/tests
"analysis_conformance_test" start time: Jan 26 00:56 Pacific Standard Time
Output:
----------------------------------------------------------
<end of output>
Test time =   0.04 sec
----------------------------------------------------------
Test Passed.
"analysis_conformance_test" end time: Jan 26 00:56 Pacific Standard Time
"analysis_conformance_test" time elapsed: 00:00:00
----------------------------------------------------------

58/105 Testing: analysis_conformance_subset_unicode_test
58/105 Test: analysis_conformance_subset_unicode_test
Command: "C:/Dev/Cursive/cursive-bootstrap/build/tests/Release/analysis_conformance_subset_unicode_test.exe"
Directory: C:/Dev/Cursive/cursive-bootstrap/build/tests
"analysis_conformance_subset_unicode_test" start time: Jan 26 00:56 Pacific Standard Time
Output:
----------------------------------------------------------
<end of output>
Test time =   0.05 sec
----------------------------------------------------------
Test Passed.
"analysis_conformance_subset_unicode_test" end time: Jan 26 00:56 Pacific Standard Time
"analysis_conformance_subset_unicode_test" time elapsed: 00:00:00
----------------------------------------------------------

59/105 Testing: compile_tests
59/105 Test: compile_tests
Command: "C:/Users/Crow/AppData/Local/Programs/Python/Python313/python.exe" "C:/Dev/Cursive/cursive-bootstrap/tests/harness/run_compiler.py" "--compiler" "C:/Dev/Cursive/cursive-bootstrap/build/Release/cursivec0.exe" "--tests-root" "C:/Dev/Cursive/cursive-bootstrap/tests/compile"
Directory: C:/Dev/Cursive/cursive-bootstrap/build/tests
"compile_tests" start time: Jan 26 00:56 Pacific Standard Time
Output:
----------------------------------------------------------
C:\Dev\Cursive\cursive-bootstrap\tests\compile\projects\phase3\using_list_dup\src\main.cursive: diagnostics length mismatch (expected 1, got 2)
C:\Dev\Cursive\cursive-bootstrap\tests\compile\projects\phase3\using_list_dup\src\pkg\lib.cursive: diagnostics length mismatch (expected 1, got 2)
C:\Dev\Cursive\cursive-bootstrap\tests\compile\projects\phase3\using_list_public_err\src\main.cursive: diagnostics length mismatch (expected 1, got 2)
C:\Dev\Cursive\cursive-bootstrap\tests\compile\projects\phase3\using_list_public_err\src\pkg\lib.cursive: diagnostics length mismatch (expected 1, got 2)
C:\Dev\Cursive\cursive-bootstrap\tests\compile\src\phase1\types\types_opaque_where_unsupported.cursive: diagnostics length mismatch (expected 4, got 3)
C:\Dev\Cursive\cursive-bootstrap\tests\compile\src\phase1\unsupported\attr_syntax_non_item.cursive: exit_code mismatch (expected 0, got 1)
diagnostics length mismatch (expected 0, got 1)
C:\Dev\Cursive\cursive-bootstrap\tests\compile\src\phase1\unsupported\extern_unsupported.cursive: diag[0]: code mismatch (expected E-UNS-0112, got E-UNS-0101)
diag[0]: message mismatch (expected `extern` block or foreign declaration used, got Unsupported construct in Cursive0 subset)
diag[0]: span mismatch (expected None, got {'file': 'C:\\Dev\\Cursive\\cursive-bootstrap\\tests\\compile\\src\\phase1\\unsupported\\extern_unsupported.cursive', 'start_line': 1, 'start_col': 1, 'end_line': 1, 'end_col': 7})
C:\Dev\Cursive\cursive-bootstrap\tests\compile\src\phase1\unsupported\unsupported_lexemes.cursive: diagnostics length mismatch (expected 24, got 22)
C:\Dev\Cursive\cursive-bootstrap\tests\compile\src\phase1\unsupported\using_list_empty.cursive: diagnostics length mismatch (expected 1, got 2)
C:\Dev\Cursive\cursive-bootstrap\tests\compile\src\phase1\unsupported\using_list_trailing_comma.cursive: diagnostics length mismatch (expected 1, got 2)
C:\Dev\Cursive\cursive-bootstrap\tests\compile\src\phase2\unsupported\attr_syntax_non_item.cursive: diag[0]: code mismatch (expected E-MOD-1301, got E-SRC-0520)
diag[0]: message mismatch (expected Unresolved name: identifier not found in any accessible scope, got Generic syntax error (unexpected token))
diag[0]: span mismatch (expected {'file': 'C:\\Dev\\Cursive\\cursive-bootstrap\\tests\\compile\\src\\phase2\\unsupported\\attr_syntax_non_item.cursive', 'start_line': 2, 'start_col': 5, 'end_line': 2, 'end_col': 9}, got {'file': 'C:\\Dev\\Cursive\\cursive-bootstrap\\tests\\compile\\src\\phase2\\unsupported\\attr_syntax_non_item.cursive', 'start_line': 2, 'start_col': 3, 'end_line': 2, 'end_col': 5})
C:\Dev\Cursive\cursive-bootstrap\tests\compile\src\phase2\unsupported\extern_unsupported.cursive: diag[0]: code mismatch (expected E-UNS-0112, got E-UNS-0101)
diag[0]: message mismatch (expected `extern` block or foreign declaration used, got Unsupported construct in Cursive0 subset)
diag[0]: span mismatch (expected None, got {'file': 'C:\\Dev\\Cursive\\cursive-bootstrap\\tests\\compile\\src\\phase2\\unsupported\\extern_unsupported.cursive', 'start_line': 1, 'start_col': 1, 'end_line': 1, 'end_col': 7})
C:\Dev\Cursive\cursive-bootstrap\tests\compile\src\phase2\unsupported\unsupported_lexemes.cursive: diagnostics length mismatch (expected 24, got 22)
C:\Dev\Cursive\cursive-bootstrap\tests\compile\src\phase3\builtins\string_bytes_ok.cursive: exit_code mismatch (expected 0, got 1)
diagnostics length mismatch (expected 0, got 2)
C:\Dev\Cursive\cursive-bootstrap\tests\compile\src\phase3\c0x\attr_static_dispatch_only_ok.cursive: diagnostics length mismatch (expected 4, got 6)
C:\Dev\Cursive\cursive-bootstrap\tests\compile\src\phase3\c0x\class_8_5_static_dispatch_only_ok.cursive: diagnostics length mismatch (expected 15, got 17)
C:\Dev\Cursive\cursive-bootstrap\tests\compile\src\phase3\c0x\class_static_dispatch_only_ok.cursive: diagnostics length mismatch (expected 4, got 6)
C:\Dev\Cursive\cursive-bootstrap\tests\compile\src\phase3\c0x\contract_14_4_2_purity_err.cursive: exit_code mismatch (expected 0, got 1)
diagnostics length mismatch (expected 0, got 1)
C:\Dev\Cursive\cursive-bootstrap\tests\compile\src\phase3\c0x\contract_14_6_2_loop_invariant_ok.cursive: exit_code mismatch (expected 1, got 0)
diagnostics length mismatch (expected 1, got 0)
C:\Dev\Cursive\cursive-bootstrap\tests\compile\src\phase3\c0x\contract_loop_invariant_ok.cursive: exit_code mismatch (expected 1, got 0)
diagnostics length mismatch (expected 1, got 0)
C:\Dev\Cursive\cursive-bootstrap\tests\compile\src\phase3\c0x\gpu_capture_heap_err.cursive: diagnostics length mismatch (expected 1, got 8)
C:\Dev\Cursive\cursive-bootstrap\tests\compile\src\phase3\c0x\using_9_3_list_ok.cursive: diag[0]: code mismatch (expected E-SRC-0520, got E-MOD-1204)
diag[0]: message mismatch (expected Generic syntax error (unexpected token), got Using path does not resolve to a module or item)
diag[0]: span mismatch (expected {'file': 'C:\\Dev\\Cursive\\cursive-bootstrap\\tests\\compile\\src\\phase3\\c0x\\using_9_3_list_ok.cursive', 'start_line': 3, 'start_col': 25, 'end_line': 3, 'end_col': 26}, got {'file': 'C:\\Dev\\Cursive\\cursive-bootstrap\\tests\\compile\\src\\phase3\\c0x\\using_9_3_list_ok.cursive', 'start_line': 3, 'start_col': 1, 'end_line': 3, 'end_col': 40})
C:\Dev\Cursive\cursive-bootstrap\tests\compile\src\phase3\c0x\using_9_3_self_ok.cursive: diag[0]: code mismatch (expected E-SRC-0520, got E-MOD-1204)
diag[0]: message mismatch (expected Generic syntax error (unexpected token), got Using path does not resolve to a module or item)
diag[0]: span mismatch (expected {'file': 'C:\\Dev\\Cursive\\cursive-bootstrap\\tests\\compile\\src\\phase3\\c0x\\using_9_3_self_ok.cursive', 'start_line': 3, 'start_col': 25, 'end_line': 3, 'end_col': 26}, got {'file': 'C:\\Dev\\Cursive\\cursive-bootstrap\\tests\\compile\\src\\phase3\\c0x\\using_9_3_self_ok.cursive', 'start_line': 3, 'start_col': 1, 'end_line': 3, 'end_col': 39})
C:\Dev\Cursive\cursive-bootstrap\tests\compile\src\phase3\c0x\using_9_3_wildcard_ok.cursive: diag[0]: code mismatch (expected E-SRC-0520, got W-MOD-1201)
diag[0]: severity mismatch (expected error, got warning)
diag[0]: message mismatch (expected Generic syntax error (unexpected token), got Wildcard `using` in a module exposing public API)
diag[0]: span mismatch (expected {'file': 'C:\\Dev\\Cursive\\cursive-bootstrap\\tests\\compile\\src\\phase3\\c0x\\using_9_3_wildcard_ok.cursive', 'start_line': 3, 'start_col': 25, 'end_line': 3, 'end_col': 26}, got {'file': 'C:\\Dev\\Cursive\\cursive-bootstrap\\tests\\compile\\src\\phase3\\c0x\\using_9_3_wildcard_ok.cursive', 'start_line': 3, 'start_col': 1, 'end_line': 3, 'end_col': 26})
diag[1]: code mismatch (expected E-SRC-0520, got E-MOD-1204)
diag[1]: message mismatch (expected Generic syntax error (unexpected token), got Using path does not resolve to a module or item)
diag[1]: span mismatch (expected {'file': 'C:\\Dev\\Cursive\\cursive-bootstrap\\tests\\compile\\src\\phase3\\c0x\\using_9_3_wildcard_ok.cursive', 'start_line': 3, 'start_col': 25, 'end_line': 3, 'end_col': 26}, got {'file': 'C:\\Dev\\Cursive\\cursive-bootstrap\\tests\\compile\\src\\phase3\\c0x\\using_9_3_wildcard_ok.cursive', 'start_line': 3, 'start_col': 1, 'end_line': 3, 'end_col': 26})
C:\Dev\Cursive\cursive-bootstrap\tests\compile\src\phase3\c0x\wait_non_spawn_handle_err.cursive: diag[0]: code mismatch (expected E-CON-0161, got E-CON-0132)
C:\Dev\Cursive\cursive-bootstrap\tests\compile\src\phase3\capabilities\filesystem_record_err.cursive: diag[0]: message mismatch (expected Record literal whose type is `File@S` or `DirIter@S` for any state `S` in the corresponding modal type, got Record literal whose type is `File@S`, `DirIter@S`, or `CancelToken@S` for any state `S` in the corresponding modal type)
C:\Dev\Cursive\cursive-bootstrap\tests\compile\src\phase3\conformance\shadow_async_type.cursive: diag[0]: message mismatch (expected Shadowing of async type alias (`Async`, `Future`, `Sequence`, `Stream`, `Pipe`, `Exchange`), got Shadowing of async type alias (`Async`, `Future`, `Sequence`, `Stream`, `Pipe`, `Exchange`, `FutureHandle`))
C:\Dev\Cursive\cursive-bootstrap\tests\compile\src\phase3\conformance\shadow_context_type.cursive: diag[0]: message mismatch (expected Shadowing of `Self`, `Drop`, `Bitcopy`, `Clone`, `string`, `bytes`, `Modal`, `Region`, `RegionOptions`, or `Context`, got Shadowing of `Self`, `Drop`, `Bitcopy`, `Clone`, `Eq`, `Hash`, `Hasher`, `Iterator`, `Step`, `FfiSafe`, `string`, `bytes`, `Modal`, `Region`, `RegionOptions`, `CancelToken`, `Context`, `System`, `ExecutionDomain`, `CpuSet`, `Priority`, or `Reactor`)
C:\Dev\Cursive\cursive-bootstrap\tests\compile\src\phase3\conformance\shadow_special_type.cursive: diag[0]: message mismatch (expected Shadowing of `Self`, `Drop`, `Bitcopy`, `Clone`, `string`, `bytes`, `Modal`, `Region`, `RegionOptions`, or `Context`, got Shadowing of `Self`, `Drop`, `Bitcopy`, `Clone`, `Eq`, `Hash`, `Hasher`, `Iterator`, `Step`, `FfiSafe`, `string`, `bytes`, `Modal`, `Region`, `RegionOptions`, `CancelToken`, `Context`, `System`, `ExecutionDomain`, `CpuSet`, `Priority`, or `Reactor`)
C:\Dev\Cursive\cursive-bootstrap\tests\compile\src\phase3\drop\call_err.cursive: diag[0]: message mismatch (expected Explicit call to `Drop::drop` method, got Explicit call to `drop` method with destructor signature)
C:\Dev\Cursive\cursive-bootstrap\tests\compile\src\phase3\drop\call_err_dyn.cursive: diag[0]: message mismatch (expected Explicit call to `Drop::drop` method, got Explicit call to `drop` method with destructor signature)
C:\Dev\Cursive\cursive-bootstrap\tests\compile\src\phase3\drop\shadow_special.cursive: diag[0]: message mismatch (expected Shadowing of `Self`, `Drop`, `Bitcopy`, `Clone`, `string`, `bytes`, `Modal`, `Region`, `RegionOptions`, or `Context`, got Shadowing of `Self`, `Drop`, `Bitcopy`, `Clone`, `Eq`, `Hash`, `Hasher`, `Iterator`, `Step`, `FfiSafe`, `string`, `bytes`, `Modal`, `Region`, `RegionOptions`, `CancelToken`, `Context`, `System`, `ExecutionDomain`, `CpuSet`, `Priority`, or `Reactor`)
C:\Dev\Cursive\cursive-bootstrap\tests\compile\src\phase3\ownership\bitcopy_clone_missing.cursive: diag[0]: message mismatch (expected Type implementing `Bitcopy` does not implement `Clone`, got Prohibited type category in `FfiSafeType`)
C:\Dev\Cursive\cursive-bootstrap\tests\compile\src\phase3\ownership\bitcopy_drop_conflict.cursive: diag[0]: message mismatch (expected Type implements both `Bitcopy` and `Drop`, got Type satisfies both `BitcopyType` and `DropType`)
C:\Dev\Cursive\cursive-bootstrap\tests\compile\src\phase3\ownership\bitcopy_field_nonbitcopy.cursive: diag[0]: message mismatch (expected `Bitcopy` type has non-`Bitcopy` field, got `BitcopyType` has non-`BitcopyType` field)
C:\Dev\Cursive\cursive-bootstrap\tests\compile\src\phase3\unwind\unwind_rejected.cursive: exit_code mismatch (expected 1, got 0)
diagnostics length mismatch (expected 1, got 0)
C:\Dev\Cursive\cursive-bootstrap\tests\compile\src\phase4\builtins\fs.cursive: IR mismatch.

Expected:
proc @demo_x3a_x3amain {
  seq {
    seq {
      call @cursive_x3a_x3aruntime_x3a_x3ainit_x3a_x3ademo (%__panic)
      seq {
        call @cursive_x3a_x3aruntime_x3a_x3aspec_x5ftrace_x3a_x3aemit (0x6B6365684363696E6150, "")
        panic_check
      }
    }
    block seq {
      seq {
        nop
        bind %s = 0x6968
      }
      seq {
        seq {
          seq {
            addr_of ctx
            addr_of ctx.fs
          }
          read %s
          call @cursive_x3a_x3aruntime_x3a_x3afs_x3a_x3aexists (addr_of, %s)
        }
        bind %_e = method_call
      }
      seq {
        nop
        seq {
          call @cursive_x3a_x3aruntime_x3a_x3aspec_x5ftrace_x3a_x3aemit (0x74726174532D70756E61656C43, "")
          clear_panic
          call @cursive_x3a_x3aruntime_x3a_x3adrop_x3a_x3aContext (%ctx, %__panic)
          seq {
            load_ptr panic_flag_ptr
            load_ptr panic_code_ptr
          }
          binop && 0x0, panic_flag
          if double_panic then seq {
            call @cursive_x3a_x3aruntime_x3a_x3aspec_x5ftrace_x3a_x3aemit (0x74726F62412D706F72442D706574532D70756E61656C43, "")
            call @cursive_x3a_x3aruntime_x3a_x3apanic (panic_code)
          } else nop
          unop ! 0x0
          binop && panic_flag, panic_not_panicking
          if cleanup_panic then call @cursive_x3a_x3aruntime_x3a_x3aspec_x5ftrace_x3a_x3aemit (0x63696E61502D706F72442D706574532D70756E61656C43, "") else nop
          unop ! panic_flag
          if panic_clear then call @cursive_x3a_x3aruntime_x3a_x3aspec_x5ftrace_x3a_x3aemit (0x6B4F2D706F72442D706574532D70756E61656C43, "") else nop
          binop && 0x0, panic_clear
          if panic_restore then seq {
            store_ptr panic_flag_ptr = 0x1
            store_ptr panic_code_ptr = 0x0
          } else nop
          binop || 0x0, panic_flag
          if panic_flag then nop else nop
          call @cursive_x3a_x3aruntime_x3a_x3aspec_x5ftrace_x3a_x3aemit (0x656E6F442D70756E61656C43, "")
          panic_check
        }
        ret 0x0
      }
    } nop
  }
}

proc @cursive_x3a_x3aruntime_x3a_x3ainit_x3a_x3ademo {
  nop
}

proc @cursive_x3a_x3aruntime_x3a_x3adeinit_x3a_x3ademo {
  nop
}

Actual:
proc @demo_x3a_x3amain {
  seq {
    seq {
      call @cursive_x3a_x3aruntime_x3a_x3ainit_x3a_x3ademo (%__panic)
      seq {
        call @cursive_x3a_x3aruntime_x3a_x3aspec_x5ftrace_x3a_x3aemit (0x6B6365684363696E6150, "")
        panic_check
      }
    }
    block seq {
      seq {
        nop
        bind %s = 0x6968
      }
      seq {
        seq {
          seq {
            addr_of ctx
            addr_of ctx.fs
            call @cursive_x3a_x3aruntime_x3a_x3aregion_x3a_x3aaddr_x5ftag_x5ffrom (addr_of, addr_of)
          }
          read %s
          call @cursive_x3a_x3aruntime_x3a_x3afs_x3a_x3aexists (addr_of, %s)
        }
        bind %_e = method_call
      }
      seq {
        nop
        seq {
          call @cursive_x3a_x3aruntime_x3a_x3aspec_x5ftrace_x3a_x3aemit (0x74726174532D70756E61656C43, "")
          clear_panic
          call @cursive_x3a_x3aruntime_x3a_x3adrop_x3a_x3aContext (%ctx, %__panic)
          seq {
            load_ptr panic_flag_ptr
            load_ptr panic_code_ptr
          }
          binop && 0x0, panic_flag
          if double_panic then seq {
            call @cursive_x3a_x3aruntime_x3a_x3aspec_x5ftrace_x3a_x3aemit (0x74726F62412D706F72442D706574532D70756E61656C43, "")
            call @cursive_x3a_x3aruntime_x3a_x3apanic (panic_code)
          } else nop
          unop ! 0x0
          binop && panic_flag, panic_not_panicking
          if cleanup_panic then call @cursive_x3a_x3aruntime_x3a_x3aspec_x5ftrace_x3a_x3aemit (0x63696E61502D706F72442D706574532D70756E61656C43, "") else nop
          unop ! panic_flag
          if panic_clear then call @cursive_x3a_x3aruntime_x3a_x3aspec_x5ftrace_x3a_x3aemit (0x6B4F2D706F72442D706574532D70756E61656C43, "") else nop
          binop && 0x0, panic_clear
          if panic_restore then seq {
            store_ptr panic_flag_ptr = 0x1
            store_ptr panic_code_ptr = 0x0
          } else nop
          binop || 0x0, panic_flag
          if panic_flag then nop else nop
          call @cursive_x3a_x3aruntime_x3a_x3aspec_x5ftrace_x3a_x3aemit (0x656E6F442D70756E61656C43, "")
          panic_check
        }
        ret 0x0
      }
    } nop
  }
}

proc @cursive_x3a_x3aruntime_x3a_x3ainit_x3a_x3ademo {
  nop
}

proc @cursive_x3a_x3aruntime_x3a_x3adeinit_x3a_x3ademo {
  nop
}
C:\Dev\Cursive\cursive-bootstrap\tests\compile\src\phase4\lower_mem\addrof.cursive: IR mismatch.

Expected:
proc @demo_x3a_x3amain {
  seq {
    seq {
      call @cursive_x3a_x3aruntime_x3a_x3ainit_x3a_x3ademo (%__panic)
      seq {
        call @cursive_x3a_x3aruntime_x3a_x3aspec_x5ftrace_x3a_x3aemit (0x6B6365684363696E6150, "")
        panic_check
      }
    }
    block seq {
      seq {
        seq {
          nop
          nop
        }
        bind %p = record
      }
      seq {
        bind %ptr = addr_of p
      }
      seq {
        seq {
          addr_of p
          addr_of p.x
        }
        bind %ptr_x = addr_of
      }
      seq {
        seq {
          nop
          nop
          nop
        }
        bind %arr = array
      }
      seq {
        seq {
          seq {
            addr_of arr
            nop
            check_index addr_of, 0x0
            seq {
              call @cursive_x3a_x3aruntime_x3a_x3aspec_x5ftrace_x3a_x3aemit (0x6B6365684363696E6150, "")
              panic_check
            }
            addr_of arr[0usize]
          }
          bind %ptr_elem = addr_of arr[0usize]
        }
        seq {
          call @cursive_x3a_x3aruntime_x3a_x3aspec_x5ftrace_x3a_x3aemit (0x74726174532D70756E61656C43, "")
          call @cursive_x3a_x3aruntime_x3a_x3aspec_x5ftrace_x3a_x3aemit (0x656E6F442D70756E61656C43, "")
          panic_check
        }
      }
      seq {
        nop
        seq {
          call @cursive_x3a_x3aruntime_x3a_x3aspec_x5ftrace_x3a_x3aemit (0x74726174532D70756E61656C43, "")
          clear_panic
          call @cursive_x3a_x3aruntime_x3a_x3adrop_x3a_x3ademo_x3a_x3aPoint (%p, %__panic)
          seq {
            load_ptr panic_flag_ptr
            load_ptr panic_code_ptr
          }
          binop && 0x0, panic_flag
          if double_panic then seq {
            call @cursive_x3a_x3aruntime_x3a_x3aspec_x5ftrace_x3a_x3aemit (0x74726F62412D706F72442D706574532D70756E61656C43, "")
            call @cursive_x3a_x3aruntime_x3a_x3apanic (panic_code)
          } else nop
          unop ! 0x0
          binop && panic_flag, panic_not_panicking
          if cleanup_panic then call @cursive_x3a_x3aruntime_x3a_x3aspec_x5ftrace_x3a_x3aemit (0x63696E61502D706F72442D706574532D70756E61656C43, "") else nop
          unop ! panic_flag
          if panic_clear then call @cursive_x3a_x3aruntime_x3a_x3aspec_x5ftrace_x3a_x3aemit (0x6B4F2D706F72442D706574532D70756E61656C43, "") else nop
          binop && 0x0, panic_clear
          if panic_restore then seq {
            store_ptr panic_flag_ptr = 0x1
            store_ptr panic_code_ptr = 0x0
          } else nop
          binop || 0x0, panic_flag
          if panic_flag then nop else nop
          call @cursive_x3a_x3aruntime_x3a_x3aspec_x5ftrace_x3a_x3aemit (0x656E6F442D70756E61656C43, "")
          panic_check
        }
        ret 0x0
      }
    } nop
  }
}

proc @cursive_x3a_x3aruntime_x3a_x3ainit_x3a_x3ademo {
  nop
}

proc @cursive_x3a_x3aruntime_x3a_x3adeinit_x3a_x3ademo {
  nop
}

Actual:
proc @demo_x3a_x3amain {
  seq {
    seq {
      call @cursive_x3a_x3aruntime_x3a_x3ainit_x3a_x3ademo (%__panic)
      seq {
        call @cursive_x3a_x3aruntime_x3a_x3aspec_x5ftrace_x3a_x3aemit (0x6B6365684363696E6150, "")
        panic_check
      }
    }
    block seq {
      seq {
        seq {
          nop
          nop
        }
        bind %p = record
      }
      seq {
        bind %ptr = addr_of p
      }
      seq {
        seq {
          addr_of p
          addr_of p.x
          call @cursive_x3a_x3aruntime_x3a_x3aregion_x3a_x3aaddr_x5ftag_x5ffrom (addr_of, addr_of)
        }
        bind %ptr_x = addr_of
      }
      seq {
        seq {
          nop
          nop
          nop
        }
        bind %arr = array
      }
      seq {
        seq {
          seq {
            addr_of arr
            nop
            check_index addr_of, 0x0
            seq {
              call @cursive_x3a_x3aruntime_x3a_x3aspec_x5ftrace_x3a_x3aemit (0x6B6365684363696E6150, "")
              panic_check
            }
            addr_of arr[0usize]
            call @cursive_x3a_x3aruntime_x3a_x3aregion_x3a_x3aaddr_x5ftag_x5ffrom (addr_of, addr_of)
          }
          bind %ptr_elem = addr_of arr[0usize]
        }
        seq {
          call @cursive_x3a_x3aruntime_x3a_x3aspec_x5ftrace_x3a_x3aemit (0x74726174532D70756E61656C43, "")
          call @cursive_x3a_x3aruntime_x3a_x3aspec_x5ftrace_x3a_x3aemit (0x656E6F442D70756E61656C43, "")
          panic_check
        }
      }
      seq {
        nop
        seq {
          call @cursive_x3a_x3aruntime_x3a_x3aspec_x5ftrace_x3a_x3aemit (0x74726174532D70756E61656C43, "")
          clear_panic
          call @cursive_x3a_x3aruntime_x3a_x3adrop_x3a_x3ademo_x3a_x3aPoint (%p, %__panic)
          seq {
            load_ptr panic_flag_ptr
            load_ptr panic_code_ptr
          }
          binop && 0x0, panic_flag
          if double_panic then seq {
            call @cursive_x3a_x3aruntime_x3a_x3aspec_x5ftrace_x3a_x3aemit (0x74726F62412D706F72442D706574532D70756E61656C43, "")
            call @cursive_x3a_x3aruntime_x3a_x3apanic (panic_code)
          } else nop
          unop ! 0x0
          binop && panic_flag, panic_not_panicking
          if cleanup_panic then call @cursive_x3a_x3aruntime_x3a_x3aspec_x5ftrace_x3a_x3aemit (0x63696E61502D706F72442D706574532D70756E61656C43, "") else nop
          unop ! panic_flag
          if panic_clear then call @cursive_x3a_x3aruntime_x3a_x3aspec_x5ftrace_x3a_x3aemit (0x6B4F2D706F72442D706574532D70756E61656C43, "") else nop
          binop && 0x0, panic_clear
          if panic_restore then seq {
            store_ptr panic_flag_ptr = 0x1
            store_ptr panic_code_ptr = 0x0
          } else nop
          binop || 0x0, panic_flag
          if panic_flag then nop else nop
          call @cursive_x3a_x3aruntime_x3a_x3aspec_x5ftrace_x3a_x3aemit (0x656E6F442D70756E61656C43, "")
          panic_check
        }
        ret 0x0
      }
    } nop
  }
}

proc @cursive_x3a_x3aruntime_x3a_x3ainit_x3a_x3ademo {
  nop
}

proc @cursive_x3a_x3aruntime_x3a_x3adeinit_x3a_x3ademo {
  nop
}
38 compile test(s) failed
<end of output>
Test time =  71.53 sec
----------------------------------------------------------
Test Failed.
"compile_tests" end time: Jan 26 00:57 Pacific Standard Time
"compile_tests" time elapsed: 00:01:11
----------------------------------------------------------

60/105 Testing: semantics_oracle_tests
60/105 Test: semantics_oracle_tests
Command: "C:/Users/Crow/AppData/Local/Programs/Python/Python313/python.exe" "C:/Dev/Cursive/cursive-bootstrap/tests/harness/run_semantics_oracle.py" "--compiler" "C:/Dev/Cursive/cursive-bootstrap/build/Release/cursivec0.exe" "--tests-root" "C:/Dev/Cursive/cursive-bootstrap/tests/semantics_oracle"
Directory: C:/Dev/Cursive/cursive-bootstrap/build/tests
"semantics_oracle_tests" start time: Jan 26 00:57 Pacific Standard Time
Output:
----------------------------------------------------------
C:\Dev\Cursive\cursive-bootstrap\tests\semantics_oracle\c0x_nested_calls: missing SPEC_COV tag in .cursive sources
C:\Dev\Cursive\cursive-bootstrap\tests\semantics_oracle\c0x_procedure_call: missing SPEC_COV tag in .cursive sources
C:\Dev\Cursive\cursive-bootstrap\tests\semantics_oracle\drop_order_ok: compiler failed: E-OUT-0404 (error): Linker invocation failed
C:\Dev\Cursive\cursive-bootstrap\tests\semantics_oracle\drop_unwind_panic: compiler failed: E-OUT-0404 (error): Linker invocation failed
C:\Dev\Cursive\cursive-bootstrap\tests\semantics_oracle\dyn_dispatch: compiler failed: E-OUT-0404 (error): Linker invocation failed
C:\Dev\Cursive\cursive-bootstrap\tests\semantics_oracle\fs_ops: compiler failed: E-OUT-0404 (error): Linker invocation failed
C:\Dev\Cursive\cursive-bootstrap\tests\semantics_oracle\heap_string_alloc: compiler failed: E-SRC-0520 (error): Generic syntax error (unexpected token) @C:/Users/Crow/AppData/Local/Temp/tmpee8vm5st/project/src/main.cursive:4:29
E-SRC-0510 (error): Missing statement terminator @C:/Users/Crow/AppData/Local/Temp/tmpee8vm5st/project/src/main.cursive:4:29
C:\Dev\Cursive\cursive-bootstrap\tests\semantics_oracle\init_order_ok: compiler failed: E-OUT-0404 (error): Linker invocation failed
C:\Dev\Cursive\cursive-bootstrap\tests\semantics_oracle\init_panic: compiler failed: E-OUT-0404 (error): Linker invocation failed
C:\Dev\Cursive\cursive-bootstrap\tests\semantics_oracle\modal_drop_general: compiler failed: E-OUT-0404 (error): Linker invocation failed
C:\Dev\Cursive\cursive-bootstrap\tests\semantics_oracle\modal_match: compiler failed: E-OUT-0404 (error): Linker invocation failed
C:\Dev\Cursive\cursive-bootstrap\tests\semantics_oracle\modal_state_machine: compiler failed: E-OUT-0404 (error): Linker invocation failed
C:\Dev\Cursive\cursive-bootstrap\tests\semantics_oracle\nested_drop_order: compiler failed: E-SRC-0520 (error): Generic syntax error (unexpected token) @C:/Users/Crow/AppData/Local/Temp/tmp9f1dzwv8/project/src/main.cursive:27:34
E-SRC-0520 (error): Generic syntax error (unexpected token) @C:/Users/Crow/AppData/Local/Temp/tmp9f1dzwv8/project/src/main.cursive:27:34
E-SRC-0520 (error): Generic syntax error (unexpected token) @C:/Users/Crow/AppData/Local/Temp/tmp9f1dzwv8/project/src/main.cursive:27:34
E-SRC-0510 (error): Missing statement terminator @C:/Users/Crow/AppData/Local/Temp/tmp9f1dzwv8/project/src/main.cursive:28:9
E-SRC-0520 (error): Generic syntax error (unexpected token) @C:/Users/Crow/AppData/Local/Temp/tmp9f1dzwv8/project/src/main.cursive:32:3
E-SRC-0520 (error): Generic syntax error (unexpected token) @C:/Users/Crow/AppData/Local/Temp/tmp9f1dzwv8/project/src/main.cursive:34:1
C:\Dev\Cursive\cursive-bootstrap\tests\semantics_oracle\parallel_alloc_region: compiler failed: E-TYP-1530 (error): Type inference failed; unable to determine type @C:/Users/Crow/AppData/Local/Temp/tmp94ds6a_7/project/src/main.cursive:6:44
C:\Dev\Cursive\cursive-bootstrap\tests\semantics_oracle\parallel_cancel_cleanup: compiler failed: E-MOD-1303 (error): Shadowing without `shadow` keyword @C:/Users/Crow/AppData/Local/Temp/tmpwhk6pzyv/project/src/main.cursive:4:44
C:\Dev\Cursive\cursive-bootstrap\tests\semantics_oracle\parallel_cancellation: compiler failed: E-OUT-0404 (error): Linker invocation failed
C:\Dev\Cursive\cursive-bootstrap\tests\semantics_oracle\parallel_dispatch_reduce: compiler failed: E-OUT-0404 (error): Linker invocation failed
C:\Dev\Cursive\cursive-bootstrap\tests\semantics_oracle\parallel_fork_join: compiler failed: E-OUT-0404 (error): Linker invocation failed
C:\Dev\Cursive\cursive-bootstrap\tests\semantics_oracle\parallel_inline_domain: compiler failed: E-OUT-0404 (error): Linker invocation failed
C:\Dev\Cursive\cursive-bootstrap\tests\semantics_oracle\parallel_multi_panic: compiler failed: E-MOD-1301 (error): Unresolved name: identifier not found in any accessible scope @C:/Users/Crow/AppData/Local/Temp/tmpoazoun0o/project/src/main.cursive:8:44
C:\Dev\Cursive\cursive-bootstrap\tests\semantics_oracle\parallel_nested_cpu: compiler failed: E-OUT-0404 (error): Linker invocation failed
C:\Dev\Cursive\cursive-bootstrap\tests\semantics_oracle\parallel_ordered_dispatch: compiler failed: E-OUT-0404 (error): Linker invocation failed
C:\Dev\Cursive\cursive-bootstrap\tests\semantics_oracle\parallel_panic_propagate: compiler failed: E-MOD-1301 (error): Unresolved name: identifier not found in any accessible scope @C:/Users/Crow/AppData/Local/Temp/tmpws5g1ghg/project/src/main.cursive:3:44
C:\Dev\Cursive\cursive-bootstrap\tests\semantics_oracle\poison_read: compiler failed: E-OUT-0404 (error): Linker invocation failed
C:\Dev\Cursive\cursive-bootstrap\tests\semantics_oracle\string_literal: compiler failed: E-OUT-0404 (error): Linker invocation failed
25 semantics-oracle test(s) failed
<end of output>
Test time =   1.95 sec
----------------------------------------------------------
Test Failed.
"semantics_oracle_tests" end time: Jan 26 00:57 Pacific Standard Time
"semantics_oracle_tests" time elapsed: 00:00:01
----------------------------------------------------------

61/105 Testing: spec_verifier_build
61/105 Test: spec_verifier_build
Command: "C:/Program Files/CMake/bin/cmake.exe" "--build" "C:/Dev/Cursive/cursive-bootstrap/build" "--target" "spec_verifier_build"
Directory: C:/Dev/Cursive/cursive-bootstrap/build/tests
"spec_verifier_build" start time: Jan 26 00:57 Pacific Standard Time
Output:
----------------------------------------------------------
MSBuild version 17.14.23+b0019275e for .NET Framework

  diagnostic_codes.cpp
  diagnostic_messages.cpp
  diagnostic_render.cpp
  diagnostics.cpp
  hash.cpp
  host_primitives.cpp
  path.cpp
  source_load.cpp
  span.cpp
  spec_trace.cpp
  ub_model.cpp
  unicode.cpp
  Generating Code...
  cursive0_core.vcxproj -> C:\Dev\Cursive\cursive-bootstrap\build\Debug\cursive0_core.lib
  deterministic_order.cpp
  ident.cpp
  ir_assembly.cpp
  link.cpp
  load_project.cpp
  manifest.cpp
  module_discovery.cpp
  outputs.cpp
  project_validate.cpp
  tool_resolution.cpp
  Generating Code...
  cursive0_project.vcxproj -> C:\Dev\Cursive\cursive-bootstrap\build\Debug\cursive0_project.lib
  keyword_policy.cpp
  lexer.cpp
  lexer_ident.cpp
  lexer_literals.cpp
  lexer_security.cpp
  lexer_ws.cpp
  parser.cpp
  parser_angle.cpp
  parser_consume.cpp
  parser_docs.cpp
  parser_expr.cpp
  parser_items.cpp
  parser_paths.cpp
  parser_patterns.cpp
  parser_recovery.cpp
  parser_stmt.cpp
  parser_types.cpp
  token.cpp
  tokenize.cpp
  Generating Code...
  cursive0_syntax.vcxproj -> C:\Dev\Cursive\cursive-bootstrap\build\Debug\cursive0_syntax.lib
  attribute_registry.cpp
  cap_concurrency.cpp
  cap_filesystem.cpp
  cap_heap.cpp
  cap_system.cpp
  arrays_slices.cpp
  class_linearization.cpp
  classes.cpp
  enums.cpp
  function_types.cpp
  record_methods.cpp
  records.cpp
  tuples.cpp
  unions.cpp
  contract_check.cpp
  verification.cpp
  monomorphize.cpp
  key_conflict.cpp
  key_context.cpp
  borrow_bind.cpp
  Generating Code...
  Compiling...
  calls.cpp
  init_planner.cpp
  region_type.cpp
  regions.cpp
  safe_ptr.cpp
  string_bytes.cpp
  modal.cpp
  modal_fields.cpp
  modal_transitions.cpp
  modal_widen.cpp
  collect_toplevel.cpp
  imports.cpp
  resolve_qual.cpp
  resolver_expr.cpp
  resolver_items.cpp
  resolver_modules.cpp
  resolver_pat.cpp
  resolver_types.cpp
  scopes.cpp
  scopes_intro.cpp
  Generating Code...
  Compiling...
  scopes_lookup.cpp
  visibility.cpp
  conformance.cpp
  literals.cpp
  subtyping.cpp
  type_concurrency.cpp
  type_decls.cpp
  type_equiv.cpp
  type_expr.cpp
  type_infer.cpp
  type_match.cpp
  type_pattern.cpp
  type_stmt.cpp
  typecheck.cpp
  types.cpp
  variance.cpp
  Generating Code...
  cursive0_analysis.vcxproj -> C:\Dev\Cursive\cursive-bootstrap\build\Debug\cursive0_analysis.lib
  abi_calls.cpp
  abi_params.cpp
  abi_types.cpp
  binding_storage.cpp
C:\Dev\Cursive\cursive-bootstrap\third_party\llvm\llvm-21.1.8-x86_64\include\llvm\IR\Operator.h(78,7): warning C4624: 'llvm::OverflowingBinaryOperator': destructor was implicitly defined as deleted [C:\Dev\Cursive\cursive-bootstrap\build\cursive0_codegen.vcxproj]
  (compiling source file '../src/codegen/binding_storage.cpp')
  
C:\Dev\Cursive\cursive-bootstrap\third_party\llvm\llvm-21.1.8-x86_64\include\llvm\IR\Operator.h(154,7): warning C4624: 'llvm::PossiblyExactOperator': destructor was implicitly defined as deleted [C:\Dev\Cursive\cursive-bootstrap\build\cursive0_codegen.vcxproj]
  (compiling source file '../src/codegen/binding_storage.cpp')
  
C:\Dev\Cursive\cursive-bootstrap\third_party\llvm\llvm-21.1.8-x86_64\include\llvm\IR\Operator.h(200,7): warning C4624: 'llvm::FPMathOperator': destructor was implicitly defined as deleted [C:\Dev\Cursive\cursive-bootstrap\build\cursive0_codegen.vcxproj]
  (compiling source file '../src/codegen/binding_storage.cpp')
  
C:\Dev\Cursive\cursive-bootstrap\third_party\llvm\llvm-21.1.8-x86_64\include\llvm\IR\Operator.h(385,7): warning C4624: 'llvm::ConcreteOperator<llvm::OverflowingBinaryOperator,13>': destructor was implicitly defined as deleted [C:\Dev\Cursive\cursive-bootstrap\build\cursive0_codegen.vcxproj]
  (compiling source file '../src/codegen/binding_storage.cpp')
      C:\Dev\Cursive\cursive-bootstrap\third_party\llvm\llvm-21.1.8-x86_64\include\llvm\IR\Operator.h(385,7):
      the template instantiation context (the oldest one first) is
          C:\Dev\Cursive\cursive-bootstrap\third_party\llvm\llvm-21.1.8-x86_64\include\llvm\IR\Operator.h(400,12):
          see reference to class template instantiation 'llvm::ConcreteOperator<llvm::OverflowingBinaryOperator,13>' being compiled
  
C:\Dev\Cursive\cursive-bootstrap\third_party\llvm\llvm-21.1.8-x86_64\include\llvm\IR\Operator.h(399,7): warning C4624: 'llvm::AddOperator': destructor was implicitly defined as deleted [C:\Dev\Cursive\cursive-bootstrap\build\cursive0_codegen.vcxproj]
  (compiling source file '../src/codegen/binding_storage.cpp')
  
C:\Dev\Cursive\cursive-bootstrap\third_party\llvm\llvm-21.1.8-x86_64\include\llvm\IR\Operator.h(385,7): warning C4624: 'llvm::ConcreteOperator<llvm::OverflowingBinaryOperator,15>': destructor was implicitly defined as deleted [C:\Dev\Cursive\cursive-bootstrap\build\cursive0_codegen.vcxproj]
  (compiling source file '../src/codegen/binding_storage.cpp')
      C:\Dev\Cursive\cursive-bootstrap\third_party\llvm\llvm-21.1.8-x86_64\include\llvm\IR\Operator.h(385,7):
      the template instantiation context (the oldest one first) is
          C:\Dev\Cursive\cursive-bootstrap\third_party\llvm\llvm-21.1.8-x86_64\include\llvm\IR\Operator.h(403,12):
          see reference to class template instantiation 'llvm::ConcreteOperator<llvm::OverflowingBinaryOperator,15>' being compiled
  
C:\Dev\Cursive\cursive-bootstrap\third_party\llvm\llvm-21.1.8-x86_64\include\llvm\IR\Operator.h(402,7): warning C4624: 'llvm::SubOperator': destructor was implicitly defined as deleted [C:\Dev\Cursive\cursive-bootstrap\build\cursive0_codegen.vcxproj]
  (compiling source file '../src/codegen/binding_storage.cpp')
  
C:\Dev\Cursive\cursive-bootstrap\third_party\llvm\llvm-21.1.8-x86_64\include\llvm\IR\Operator.h(385,7): warning C4624: 'llvm::ConcreteOperator<llvm::OverflowingBinaryOperator,17>': destructor was implicitly defined as deleted [C:\Dev\Cursive\cursive-bootstrap\build\cursive0_codegen.vcxproj]
  (compiling source file '../src/codegen/binding_storage.cpp')
      C:\Dev\Cursive\cursive-bootstrap\third_party\llvm\llvm-21.1.8-x86_64\include\llvm\IR\Operator.h(385,7):
      the template instantiation context (the oldest one first) is
          C:\Dev\Cursive\cursive-bootstrap\third_party\llvm\llvm-21.1.8-x86_64\include\llvm\IR\Operator.h(406,12):
          see reference to class template instantiation 'llvm::ConcreteOperator<llvm::OverflowingBinaryOperator,17>' being compiled
  
C:\Dev\Cursive\cursive-bootstrap\third_party\llvm\llvm-21.1.8-x86_64\include\llvm\IR\Operator.h(405,7): warning C4624: 'llvm::MulOperator': destructor was implicitly defined as deleted [C:\Dev\Cursive\cursive-bootstrap\build\cursive0_codegen.vcxproj]
  (compiling source file '../src/codegen/binding_storage.cpp')
  
C:\Dev\Cursive\cursive-bootstrap\third_party\llvm\llvm-21.1.8-x86_64\include\llvm\IR\Operator.h(385,7): warning C4624: 'llvm::ConcreteOperator<llvm::OverflowingBinaryOperator,25>': destructor was implicitly defined as deleted [C:\Dev\Cursive\cursive-bootstrap\build\cursive0_codegen.vcxproj]
  (compiling source file '../src/codegen/binding_storage.cpp')
      C:\Dev\Cursive\cursive-bootstrap\third_party\llvm\llvm-21.1.8-x86_64\include\llvm\IR\Operator.h(385,7):
      the template instantiation context (the oldest one first) is
          C:\Dev\Cursive\cursive-bootstrap\third_party\llvm\llvm-21.1.8-x86_64\include\llvm\IR\Operator.h(409,12):
          see reference to class template instantiation 'llvm::ConcreteOperator<llvm::OverflowingBinaryOperator,25>' being compiled
  
C:\Dev\Cursive\cursive-bootstrap\third_party\llvm\llvm-21.1.8-x86_64\include\llvm\IR\Operator.h(408,7): warning C4624: 'llvm::ShlOperator': destructor was implicitly defined as deleted [C:\Dev\Cursive\cursive-bootstrap\build\cursive0_codegen.vcxproj]
  (compiling source file '../src/codegen/binding_storage.cpp')
  
C:\Dev\Cursive\cursive-bootstrap\third_party\llvm\llvm-21.1.8-x86_64\include\llvm\IR\Operator.h(385,7): warning C4624: 'llvm::ConcreteOperator<llvm::PossiblyExactOperator,27>': destructor was implicitly defined as deleted [C:\Dev\Cursive\cursive-bootstrap\build\cursive0_codegen.vcxproj]
  (compiling source file '../src/codegen/binding_storage.cpp')
      C:\Dev\Cursive\cursive-bootstrap\third_party\llvm\llvm-21.1.8-x86_64\include\llvm\IR\Operator.h(385,7):
      the template instantiation context (the oldest one first) is
          C:\Dev\Cursive\cursive-bootstrap\third_party\llvm\llvm-21.1.8-x86_64\include\llvm\IR\Operator.h(413,12):
          see reference to class template instantiation 'llvm::ConcreteOperator<llvm::PossiblyExactOperator,27>' being compiled
  
C:\Dev\Cursive\cursive-bootstrap\third_party\llvm\llvm-21.1.8-x86_64\include\llvm\IR\Operator.h(412,7): warning C4624: 'llvm::AShrOperator': destructor was implicitly defined as deleted [C:\Dev\Cursive\cursive-bootstrap\build\cursive0_codegen.vcxproj]
  (compiling source file '../src/codegen/binding_storage.cpp')
  
C:\Dev\Cursive\cursive-bootstrap\third_party\llvm\llvm-21.1.8-x86_64\include\llvm\IR\Operator.h(385,7): warning C4624: 'llvm::ConcreteOperator<llvm::PossiblyExactOperator,26>': destructor was implicitly defined as deleted [C:\Dev\Cursive\cursive-bootstrap\build\cursive0_codegen.vcxproj]
  (compiling source file '../src/codegen/binding_storage.cpp')
      C:\Dev\Cursive\cursive-bootstrap\third_party\llvm\llvm-21.1.8-x86_64\include\llvm\IR\Operator.h(385,7):
      the template instantiation context (the oldest one first) is
          C:\Dev\Cursive\cursive-bootstrap\third_party\llvm\llvm-21.1.8-x86_64\include\llvm\IR\Operator.h(416,12):
          see reference to class template instantiation 'llvm::ConcreteOperator<llvm::PossiblyExactOperator,26>' being compiled
  
C:\Dev\Cursive\cursive-bootstrap\third_party\llvm\llvm-21.1.8-x86_64\include\llvm\IR\Operator.h(415,7): warning C4624: 'llvm::LShrOperator': destructor was implicitly defined as deleted [C:\Dev\Cursive\cursive-bootstrap\build\cursive0_codegen.vcxproj]
  (compiling source file '../src/codegen/binding_storage.cpp')
  
C:\Dev\Cursive\cursive-bootstrap\third_party\llvm\llvm-21.1.8-x86_64\include\llvm\IR\Operator.h(385,7): warning C4624: 'llvm::ConcreteOperator<llvm::Operator,34>': destructor was implicitly defined as deleted [C:\Dev\Cursive\cursive-bootstrap\build\cursive0_codegen.vcxproj]
  (compiling source file '../src/codegen/binding_storage.cpp')
      C:\Dev\Cursive\cursive-bootstrap\third_party\llvm\llvm-21.1.8-x86_64\include\llvm\IR\Operator.h(385,7):
      the template instantiation context (the oldest one first) is
          C:\Dev\Cursive\cursive-bootstrap\third_party\llvm\llvm-21.1.8-x86_64\include\llvm\IR\Operator.h(420,14):
          see reference to class template instantiation 'llvm::ConcreteOperator<llvm::Operator,34>' being compiled
  
C:\Dev\Cursive\cursive-bootstrap\third_party\llvm\llvm-21.1.8-x86_64\include\llvm\IR\Operator.h(419,7): warning C4624: 'llvm::GEPOperator': destructor was implicitly defined as deleted [C:\Dev\Cursive\cursive-bootstrap\build\cursive0_codegen.vcxproj]
  (compiling source file '../src/codegen/binding_storage.cpp')
  
C:\Dev\Cursive\cursive-bootstrap\third_party\llvm\llvm-21.1.8-x86_64\include\llvm\IR\Operator.h(385,7): warning C4624: 'llvm::ConcreteOperator<llvm::Operator,47>': destructor was implicitly defined as deleted [C:\Dev\Cursive\cursive-bootstrap\build\cursive0_codegen.vcxproj]
  (compiling source file '../src/codegen/binding_storage.cpp')
      C:\Dev\Cursive\cursive-bootstrap\third_party\llvm\llvm-21.1.8-x86_64\include\llvm\IR\Operator.h(385,7):
      the template instantiation context (the oldest one first) is
          C:\Dev\Cursive\cursive-bootstrap\third_party\llvm\llvm-21.1.8-x86_64\include\llvm\IR\Operator.h(562,14):
          see reference to class template instantiation 'llvm::ConcreteOperator<llvm::Operator,47>' being compiled
  
[...]
Directory: C:/Dev/Cursive/cursive-bootstrap/build/tests
"codegen_init_poison_test" start time: Jan 26 01:03 Pacific Standard Time
Output:
----------------------------------------------------------
<end of output>
Test time =   0.04 sec
----------------------------------------------------------
Test Passed.
"codegen_init_poison_test" end time: Jan 26 01:03 Pacific Standard Time
"codegen_init_poison_test" time elapsed: 00:00:00
----------------------------------------------------------

76/105 Testing: codegen_panic_cleanup_test
76/105 Test: codegen_panic_cleanup_test
Command: "C:/Dev/Cursive/cursive-bootstrap/build/tests/Release/codegen_panic_cleanup_test.exe"
Directory: C:/Dev/Cursive/cursive-bootstrap/build/tests
"codegen_panic_cleanup_test" start time: Jan 26 01:03 Pacific Standard Time
Output:
----------------------------------------------------------
<end of output>
Test time =   0.04 sec
----------------------------------------------------------
Test Passed.
"codegen_panic_cleanup_test" end time: Jan 26 01:03 Pacific Standard Time
"codegen_panic_cleanup_test" time elapsed: 00:00:00
----------------------------------------------------------

77/105 Testing: codegen_ir_model_test
77/105 Test: codegen_ir_model_test
Command: "C:/Dev/Cursive/cursive-bootstrap/build/tests/Release/codegen_ir_model_test.exe"
Directory: C:/Dev/Cursive/cursive-bootstrap/build/tests
"codegen_ir_model_test" start time: Jan 26 01:03 Pacific Standard Time
Output:
----------------------------------------------------------
<end of output>
Test time =   0.04 sec
----------------------------------------------------------
Test Passed.
"codegen_ir_model_test" end time: Jan 26 01:03 Pacific Standard Time
"codegen_ir_model_test" time elapsed: 00:00:00
----------------------------------------------------------

78/105 Testing: codegen_layout_test
78/105 Test: codegen_layout_test
Command: "C:/Dev/Cursive/cursive-bootstrap/build/tests/Release/codegen_layout_test.exe"
Directory: C:/Dev/Cursive/cursive-bootstrap/build/tests
"codegen_layout_test" start time: Jan 26 01:03 Pacific Standard Time
Output:
----------------------------------------------------------
<end of output>
Test time =   0.04 sec
----------------------------------------------------------
Test Passed.
"codegen_layout_test" end time: Jan 26 01:03 Pacific Standard Time
"codegen_layout_test" time elapsed: 00:00:00
----------------------------------------------------------

79/105 Testing: codegen_globals_test
79/105 Test: codegen_globals_test
Command: "C:/Dev/Cursive/cursive-bootstrap/build/tests/Release/codegen_globals_test.exe"
Directory: C:/Dev/Cursive/cursive-bootstrap/build/tests
"codegen_globals_test" start time: Jan 26 01:03 Pacific Standard Time
Output:
----------------------------------------------------------
<end of output>
Test time =   0.04 sec
----------------------------------------------------------
Test Passed.
"codegen_globals_test" end time: Jan 26 01:03 Pacific Standard Time
"codegen_globals_test" time elapsed: 00:00:00
----------------------------------------------------------

80/105 Testing: codegen_abi_test
80/105 Test: codegen_abi_test
Command: "C:/Dev/Cursive/cursive-bootstrap/build/tests/Release/codegen_abi_test.exe"
Directory: C:/Dev/Cursive/cursive-bootstrap/build/tests
"codegen_abi_test" start time: Jan 26 01:03 Pacific Standard Time
Output:
----------------------------------------------------------
<end of output>
Test time =   0.04 sec
----------------------------------------------------------
Test Passed.
"codegen_abi_test" end time: Jan 26 01:03 Pacific Standard Time
"codegen_abi_test" time elapsed: 00:00:00
----------------------------------------------------------

81/105 Testing: codegen_runtime_interface_phase4_test
81/105 Test: codegen_runtime_interface_phase4_test
Command: "C:/Dev/Cursive/cursive-bootstrap/build/tests/Release/codegen_runtime_interface_phase4_test.exe"
Directory: C:/Dev/Cursive/cursive-bootstrap/build/tests
"codegen_runtime_interface_phase4_test" start time: Jan 26 01:03 Pacific Standard Time
Output:
----------------------------------------------------------
<end of output>
Test time =   0.04 sec
----------------------------------------------------------
Test Passed.
"codegen_runtime_interface_phase4_test" end time: Jan 26 01:03 Pacific Standard Time
"codegen_runtime_interface_phase4_test" time elapsed: 00:00:00
----------------------------------------------------------

82/105 Testing: core_hash_test
82/105 Test: core_hash_test
Command: "C:/Dev/Cursive/cursive-bootstrap/build/tests/Release/core_hash_test.exe"
Directory: C:/Dev/Cursive/cursive-bootstrap/build/tests
"core_hash_test" start time: Jan 26 01:03 Pacific Standard Time
Output:
----------------------------------------------------------
<end of output>
Test time =   0.04 sec
----------------------------------------------------------
Test Passed.
"core_hash_test" end time: Jan 26 01:03 Pacific Standard Time
"core_hash_test" time elapsed: 00:00:00
----------------------------------------------------------

83/105 Testing: codegen_mangle_test
83/105 Test: codegen_mangle_test
Command: "C:/Dev/Cursive/cursive-bootstrap/build/tests/Release/codegen_mangle_test.exe"
Directory: C:/Dev/Cursive/cursive-bootstrap/build/tests
"codegen_mangle_test" start time: Jan 26 01:03 Pacific Standard Time
Output:
----------------------------------------------------------
<end of output>
Test time =   0.04 sec
----------------------------------------------------------
Test Passed.
"codegen_mangle_test" end time: Jan 26 01:03 Pacific Standard Time
"codegen_mangle_test" time elapsed: 00:00:00
----------------------------------------------------------

84/105 Testing: codegen_linkage_test
84/105 Test: codegen_linkage_test
Command: "C:/Dev/Cursive/cursive-bootstrap/build/tests/Release/codegen_linkage_test.exe"
Directory: C:/Dev/Cursive/cursive-bootstrap/build/tests
"codegen_linkage_test" start time: Jan 26 01:03 Pacific Standard Time
Output:
----------------------------------------------------------
<end of output>
Test time =   0.04 sec
----------------------------------------------------------
Test Passed.
"codegen_linkage_test" end time: Jan 26 01:03 Pacific Standard Time
"codegen_linkage_test" time elapsed: 00:00:00
----------------------------------------------------------

85/105 Testing: codegen_llvm_test
85/105 Test: codegen_llvm_test
Command: "C:/Dev/Cursive/cursive-bootstrap/build/tests/Release/codegen_llvm_test.exe"
Directory: C:/Dev/Cursive/cursive-bootstrap/build/tests
"codegen_llvm_test" start time: Jan 26 01:03 Pacific Standard Time
Output:
----------------------------------------------------------
TestSetupModule...
PASS
TestTypes...
PASS
TestOpaquePointers...
PASS
TestABI...
PASS
TestCallABIRules...
PASS
TestParamBindingAndAttrs...
PASS
TestEntryPointSymbols...
PASS
TestEntryPointErrors...
PASS
TestLLVMTypeCoverage...
PASS
TestEmitLLVMError...
PASS
TestEmitObjError...
PASS
TestEmitObjOk...
PASS
TestLowerIRError...
PASS
<end of output>
Test time =   0.05 sec
----------------------------------------------------------
Test Passed.
"codegen_llvm_test" end time: Jan 26 01:03 Pacific Standard Time
"codegen_llvm_test" time elapsed: 00:00:00
----------------------------------------------------------

86/105 Testing: codegen_string_literal_test
86/105 Test: codegen_string_literal_test
Command: "C:/Dev/Cursive/cursive-bootstrap/build/tests/Release/codegen_string_literal_test.exe"
Directory: C:/Dev/Cursive/cursive-bootstrap/build/tests
"codegen_string_literal_test" start time: Jan 26 01:03 Pacific Standard Time
Output:
----------------------------------------------------------
<end of output>
Test time =   0.04 sec
----------------------------------------------------------
Test Passed.
"codegen_string_literal_test" end time: Jan 26 01:03 Pacific Standard Time
"codegen_string_literal_test" time elapsed: 00:00:00
----------------------------------------------------------

87/105 Testing: eval_smoke_test
87/105 Test: eval_smoke_test
Command: "C:/Dev/Cursive/cursive-bootstrap/build/tests/Release/eval_smoke_test.exe"
Directory: C:/Dev/Cursive/cursive-bootstrap/build/tests
"eval_smoke_test" start time: Jan 26 01:03 Pacific Standard Time
Output:
----------------------------------------------------------
<end of output>
Test time =   0.04 sec
----------------------------------------------------------
Test Passed.
"eval_smoke_test" end time: Jan 26 01:03 Pacific Standard Time
"eval_smoke_test" time elapsed: 00:00:00
----------------------------------------------------------

88/105 Testing: eval_state_test
88/105 Test: eval_state_test
Command: "C:/Dev/Cursive/cursive-bootstrap/build/tests/Release/eval_state_test.exe"
Directory: C:/Dev/Cursive/cursive-bootstrap/build/tests
"eval_state_test" start time: Jan 26 01:03 Pacific Standard Time
Output:
----------------------------------------------------------
<end of output>
Test time =   0.05 sec
----------------------------------------------------------
Test Passed.
"eval_state_test" end time: Jan 26 01:03 Pacific Standard Time
"eval_state_test" time elapsed: 00:00:00
----------------------------------------------------------

89/105 Testing: eval_match_test
89/105 Test: eval_match_test
Command: "C:/Dev/Cursive/cursive-bootstrap/build/tests/Release/eval_match_test.exe"
Directory: C:/Dev/Cursive/cursive-bootstrap/build/tests
"eval_match_test" start time: Jan 26 01:03 Pacific Standard Time
Output:
----------------------------------------------------------
<end of output>
Test time =   0.05 sec
----------------------------------------------------------
Test Passed.
"eval_match_test" end time: Jan 26 01:03 Pacific Standard Time
"eval_match_test" time elapsed: 00:00:00
----------------------------------------------------------

90/105 Testing: eval_eval_test
90/105 Test: eval_eval_test
Command: "C:/Dev/Cursive/cursive-bootstrap/build/tests/Release/eval_eval_test.exe"
Directory: C:/Dev/Cursive/cursive-bootstrap/build/tests
"eval_eval_test" start time: Jan 26 01:03 Pacific Standard Time
Output:
----------------------------------------------------------
<end of output>
Test time =   0.05 sec
----------------------------------------------------------
Test Passed.
"eval_eval_test" end time: Jan 26 01:03 Pacific Standard Time
"eval_eval_test" time elapsed: 00:00:00
----------------------------------------------------------

91/105 Testing: eval_apply_cov_test
91/105 Test: eval_apply_cov_test
Command: "C:/Dev/Cursive/cursive-bootstrap/build/tests/Release/eval_apply_cov_test.exe"
Directory: C:/Dev/Cursive/cursive-bootstrap/build/tests
"eval_apply_cov_test" start time: Jan 26 01:03 Pacific Standard Time
Output:
----------------------------------------------------------
<end of output>
Test time =   0.05 sec
----------------------------------------------------------
Test Passed.
"eval_apply_cov_test" end time: Jan 26 01:03 Pacific Standard Time
"eval_apply_cov_test" time elapsed: 00:00:00
----------------------------------------------------------

92/105 Testing: eval_cast_cov_test
92/105 Test: eval_cast_cov_test
Command: "C:/Dev/Cursive/cursive-bootstrap/build/tests/Release/eval_cast_cov_test.exe"
Directory: C:/Dev/Cursive/cursive-bootstrap/build/tests
"eval_cast_cov_test" start time: Jan 26 01:03 Pacific Standard Time
Output:
----------------------------------------------------------
<end of output>
Test time =   0.05 sec
----------------------------------------------------------
Test Passed.
"eval_cast_cov_test" end time: Jan 26 01:03 Pacific Standard Time
"eval_cast_cov_test" time elapsed: 00:00:00
----------------------------------------------------------

93/105 Testing: eval_exec_cov_test
93/105 Test: eval_exec_cov_test
Command: "C:/Dev/Cursive/cursive-bootstrap/build/tests/Release/eval_exec_cov_test.exe"
Directory: C:/Dev/Cursive/cursive-bootstrap/build/tests
"eval_exec_cov_test" start time: Jan 26 01:03 Pacific Standard Time
Output:
----------------------------------------------------------
<end of output>
Test time =   0.05 sec
----------------------------------------------------------
Test Passed.
"eval_exec_cov_test" end time: Jan 26 01:03 Pacific Standard Time
"eval_exec_cov_test" time elapsed: 00:00:00
----------------------------------------------------------

94/105 Testing: eval_cleanup_cov_test
94/105 Test: eval_cleanup_cov_test
Command: "C:/Dev/Cursive/cursive-bootstrap/build/tests/Release/eval_cleanup_cov_test.exe"
Directory: C:/Dev/Cursive/cursive-bootstrap/build/tests
"eval_cleanup_cov_test" start time: Jan 26 01:03 Pacific Standard Time
Output:
----------------------------------------------------------
<end of output>
Test time =   0.05 sec
----------------------------------------------------------
Test Passed.
"eval_cleanup_cov_test" end time: Jan 26 01:03 Pacific Standard Time
"eval_cleanup_cov_test" time elapsed: 00:00:00
----------------------------------------------------------

95/105 Testing: eval_interpreter_cov_test
95/105 Test: eval_interpreter_cov_test
Command: "C:/Dev/Cursive/cursive-bootstrap/build/tests/Release/eval_interpreter_cov_test.exe"
Directory: C:/Dev/Cursive/cursive-bootstrap/build/tests
"eval_interpreter_cov_test" start time: Jan 26 01:03 Pacific Standard Time
Output:
----------------------------------------------------------
<end of output>
Test time =   0.05 sec
----------------------------------------------------------
Test Passed.
"eval_interpreter_cov_test" end time: Jan 26 01:03 Pacific Standard Time
"eval_interpreter_cov_test" time elapsed: 00:00:00
----------------------------------------------------------

96/105 Testing: eval_eval_call_cov_test
96/105 Test: eval_eval_call_cov_test
Command: "C:/Dev/Cursive/cursive-bootstrap/build/tests/Release/eval_eval_call_cov_test.exe"
Directory: C:/Dev/Cursive/cursive-bootstrap/build/tests
"eval_eval_call_cov_test" start time: Jan 26 01:03 Pacific Standard Time
Output:
----------------------------------------------------------
<end of output>
Test time =   0.06 sec
----------------------------------------------------------
Test Passed.
"eval_eval_call_cov_test" end time: Jan 26 01:03 Pacific Standard Time
"eval_eval_call_cov_test" time elapsed: 00:00:00
----------------------------------------------------------

97/105 Testing: eval_control_flow_cov_test
97/105 Test: eval_control_flow_cov_test
Command: "C:/Dev/Cursive/cursive-bootstrap/build/tests/Release/eval_control_flow_cov_test.exe"
Directory: C:/Dev/Cursive/cursive-bootstrap/build/tests
"eval_control_flow_cov_test" start time: Jan 26 01:03 Pacific Standard Time
Output:
----------------------------------------------------------
<end of output>
Test time =   0.05 sec
----------------------------------------------------------
Test Passed.
"eval_control_flow_cov_test" end time: Jan 26 01:03 Pacific Standard Time
"eval_control_flow_cov_test" time elapsed: 00:00:00
----------------------------------------------------------

98/105 Testing: eval_exec_flow_cov_test
98/105 Test: eval_exec_flow_cov_test
Command: "C:/Dev/Cursive/cursive-bootstrap/build/tests/Release/eval_exec_flow_cov_test.exe"
Directory: C:/Dev/Cursive/cursive-bootstrap/build/tests
"eval_exec_flow_cov_test" start time: Jan 26 01:03 Pacific Standard Time
Output:
----------------------------------------------------------
<end of output>
Test time =   0.05 sec
----------------------------------------------------------
Test Passed.
"eval_exec_flow_cov_test" end time: Jan 26 01:03 Pacific Standard Time
"eval_exec_flow_cov_test" time elapsed: 00:00:00
----------------------------------------------------------

99/105 Testing: eval_lookup_cov_test
99/105 Test: eval_lookup_cov_test
Command: "C:/Dev/Cursive/cursive-bootstrap/build/tests/Release/eval_lookup_cov_test.exe"
Directory: C:/Dev/Cursive/cursive-bootstrap/build/tests
"eval_lookup_cov_test" start time: Jan 26 01:03 Pacific Standard Time
Output:
----------------------------------------------------------
<end of output>
Test time =   0.05 sec
----------------------------------------------------------
Test Passed.
"eval_lookup_cov_test" end time: Jan 26 01:03 Pacific Standard Time
"eval_lookup_cov_test" time elapsed: 00:00:00
----------------------------------------------------------

100/105 Testing: eval_write_cov_test
100/105 Test: eval_write_cov_test
Command: "C:/Dev/Cursive/cursive-bootstrap/build/tests/Release/eval_write_cov_test.exe"
Directory: C:/Dev/Cursive/cursive-bootstrap/build/tests
"eval_write_cov_test" start time: Jan 26 01:03 Pacific Standard Time
Output:
----------------------------------------------------------
<end of output>
Test time =   0.05 sec
----------------------------------------------------------
Test Passed.
"eval_write_cov_test" end time: Jan 26 01:03 Pacific Standard Time
"eval_write_cov_test" time elapsed: 00:00:00
----------------------------------------------------------

101/105 Testing: eval_unwind_cov_test
101/105 Test: eval_unwind_cov_test
Command: "C:/Dev/Cursive/cursive-bootstrap/build/tests/Release/eval_unwind_cov_test.exe"
Directory: C:/Dev/Cursive/cursive-bootstrap/build/tests
"eval_unwind_cov_test" start time: Jan 26 01:03 Pacific Standard Time
Output:
----------------------------------------------------------
<end of output>
Test time =   0.05 sec
----------------------------------------------------------
Test Passed.
"eval_unwind_cov_test" end time: Jan 26 01:03 Pacific Standard Time
"eval_unwind_cov_test" time elapsed: 00:00:00
----------------------------------------------------------

102/105 Testing: eval_value_test
102/105 Test: eval_value_test
Command: "C:/Dev/Cursive/cursive-bootstrap/build/tests/Release/eval_value_test.exe"
Directory: C:/Dev/Cursive/cursive-bootstrap/build/tests
"eval_value_test" start time: Jan 26 01:03 Pacific Standard Time
Output:
----------------------------------------------------------
<end of output>
Test time =   0.04 sec
----------------------------------------------------------
Test Passed.
"eval_value_test" end time: Jan 26 01:03 Pacific Standard Time
"eval_value_test" time elapsed: 00:00:00
----------------------------------------------------------

103/105 Testing: eval_init_test
103/105 Test: eval_init_test
Command: "C:/Dev/Cursive/cursive-bootstrap/build/tests/Release/eval_init_test.exe"
Directory: C:/Dev/Cursive/cursive-bootstrap/build/tests
"eval_init_test" start time: Jan 26 01:03 Pacific Standard Time
Output:
----------------------------------------------------------
<end of output>
Test time =   0.05 sec
----------------------------------------------------------
Test Passed.
"eval_init_test" end time: Jan 26 01:03 Pacific Standard Time
"eval_init_test" time elapsed: 00:00:00
----------------------------------------------------------

104/105 Testing: eval_builtins_test
104/105 Test: eval_builtins_test
Command: "C:/Dev/Cursive/cursive-bootstrap/build/tests/Release/eval_builtins_test.exe"
Directory: C:/Dev/Cursive/cursive-bootstrap/build/tests
"eval_builtins_test" start time: Jan 26 01:03 Pacific Standard Time
Output:
----------------------------------------------------------
<end of output>
Test time =   0.05 sec
----------------------------------------------------------
Test Passed.
"eval_builtins_test" end time: Jan 26 01:03 Pacific Standard Time
"eval_builtins_test" time elapsed: 00:00:00
----------------------------------------------------------

105/105 Testing: eval_interpreter_test
105/105 Test: eval_interpreter_test
Command: "C:/Dev/Cursive/cursive-bootstrap/build/tests/Release/eval_interpreter_test.exe"
Directory: C:/Dev/Cursive/cursive-bootstrap/build/tests
"eval_interpreter_test" start time: Jan 26 01:03 Pacific Standard Time
Output:
----------------------------------------------------------
<end of output>
Test time =   0.05 sec
----------------------------------------------------------
Test Passed.
"eval_interpreter_test" end time: Jan 26 01:03 Pacific Standard Time
"eval_interpreter_test" time elapsed: 00:00:00
----------------------------------------------------------

End testing: Jan 26 01:03 Pacific Standard Time
