Start testing: Jan 21 15:57 Pacific Standard Time
----------------------------------------------------------
1/103 Testing: core_span_test
1/103 Test: core_span_test
Command: "C:/Dev/Cursive/cursive-bootstrap/build/tests/Release/core_span_test.exe"
Directory: C:/Dev/Cursive/cursive-bootstrap/build/tests
"core_span_test" start time: Jan 21 15:57 Pacific Standard Time
Output:
----------------------------------------------------------
<end of output>
Test time =   0.05 sec
----------------------------------------------------------
Test Passed.
"core_span_test" end time: Jan 21 15:57 Pacific Standard Time
"core_span_test" time elapsed: 00:00:00
----------------------------------------------------------

2/103 Testing: syntax_token_span_test
2/103 Test: syntax_token_span_test
Command: "C:/Dev/Cursive/cursive-bootstrap/build/tests/Release/syntax_token_span_test.exe"
Directory: C:/Dev/Cursive/cursive-bootstrap/build/tests
"syntax_token_span_test" start time: Jan 21 15:57 Pacific Standard Time
Output:
----------------------------------------------------------
<end of output>
Test time =   0.04 sec
----------------------------------------------------------
Test Passed.
"syntax_token_span_test" end time: Jan 21 15:57 Pacific Standard Time
"syntax_token_span_test" time elapsed: 00:00:00
----------------------------------------------------------

3/103 Testing: syntax_newline_termination_test
3/103 Test: syntax_newline_termination_test
Command: "C:/Dev/Cursive/cursive-bootstrap/build/tests/Release/syntax_newline_termination_test.exe"
Directory: C:/Dev/Cursive/cursive-bootstrap/build/tests
"syntax_newline_termination_test" start time: Jan 21 15:57 Pacific Standard Time
Output:
----------------------------------------------------------
<end of output>
Test time =   0.06 sec
----------------------------------------------------------
Test Passed.
"syntax_newline_termination_test" end time: Jan 21 15:57 Pacific Standard Time
"syntax_newline_termination_test" time elapsed: 00:00:00
----------------------------------------------------------

4/103 Testing: syntax_lexer_ws_test
4/103 Test: syntax_lexer_ws_test
Command: "C:/Dev/Cursive/cursive-bootstrap/build/tests/Release/syntax_lexer_ws_test.exe"
Directory: C:/Dev/Cursive/cursive-bootstrap/build/tests
"syntax_lexer_ws_test" start time: Jan 21 15:57 Pacific Standard Time
Output:
----------------------------------------------------------
<end of output>
Test time =   0.05 sec
----------------------------------------------------------
Test Passed.
"syntax_lexer_ws_test" end time: Jan 21 15:57 Pacific Standard Time
"syntax_lexer_ws_test" time elapsed: 00:00:00
----------------------------------------------------------

5/103 Testing: syntax_lexer_literals_test
5/103 Test: syntax_lexer_literals_test
Command: "C:/Dev/Cursive/cursive-bootstrap/build/tests/Release/syntax_lexer_literals_test.exe"
Directory: C:/Dev/Cursive/cursive-bootstrap/build/tests
"syntax_lexer_literals_test" start time: Jan 21 15:57 Pacific Standard Time
Output:
----------------------------------------------------------
<end of output>
Test time =   0.05 sec
----------------------------------------------------------
Test Passed.
"syntax_lexer_literals_test" end time: Jan 21 15:57 Pacific Standard Time
"syntax_lexer_literals_test" time elapsed: 00:00:00
----------------------------------------------------------

6/103 Testing: syntax_lexer_ident_kw_test
6/103 Test: syntax_lexer_ident_kw_test
Command: "C:/Dev/Cursive/cursive-bootstrap/build/tests/Release/syntax_lexer_ident_kw_test.exe"
Directory: C:/Dev/Cursive/cursive-bootstrap/build/tests
"syntax_lexer_ident_kw_test" start time: Jan 21 15:57 Pacific Standard Time
Output:
----------------------------------------------------------
<end of output>
Test time =   0.06 sec
----------------------------------------------------------
Test Passed.
"syntax_lexer_ident_kw_test" end time: Jan 21 15:57 Pacific Standard Time
"syntax_lexer_ident_kw_test" time elapsed: 00:00:00
----------------------------------------------------------

7/103 Testing: syntax_lexer_max_munch_test
7/103 Test: syntax_lexer_max_munch_test
Command: "C:/Dev/Cursive/cursive-bootstrap/build/tests/Release/syntax_lexer_max_munch_test.exe"
Directory: C:/Dev/Cursive/cursive-bootstrap/build/tests
"syntax_lexer_max_munch_test" start time: Jan 21 15:57 Pacific Standard Time
Output:
----------------------------------------------------------
<end of output>
Test time =   0.06 sec
----------------------------------------------------------
Test Passed.
"syntax_lexer_max_munch_test" end time: Jan 21 15:57 Pacific Standard Time
"syntax_lexer_max_munch_test" time elapsed: 00:00:00
----------------------------------------------------------

8/103 Testing: syntax_lexer_security_test
8/103 Test: syntax_lexer_security_test
Command: "C:/Dev/Cursive/cursive-bootstrap/build/tests/Release/syntax_lexer_security_test.exe"
Directory: C:/Dev/Cursive/cursive-bootstrap/build/tests
"syntax_lexer_security_test" start time: Jan 21 15:57 Pacific Standard Time
Output:
----------------------------------------------------------
<end of output>
Test time =   0.05 sec
----------------------------------------------------------
Test Passed.
"syntax_lexer_security_test" end time: Jan 21 15:57 Pacific Standard Time
"syntax_lexer_security_test" time elapsed: 00:00:00
----------------------------------------------------------

9/103 Testing: syntax_tokenize_test
9/103 Test: syntax_tokenize_test
Command: "C:/Dev/Cursive/cursive-bootstrap/build/tests/Release/syntax_tokenize_test.exe"
Directory: C:/Dev/Cursive/cursive-bootstrap/build/tests
"syntax_tokenize_test" start time: Jan 21 15:57 Pacific Standard Time
Output:
----------------------------------------------------------
<end of output>
Test time =   0.05 sec
----------------------------------------------------------
Test Passed.
"syntax_tokenize_test" end time: Jan 21 15:57 Pacific Standard Time
"syntax_tokenize_test" time elapsed: 00:00:00
----------------------------------------------------------

10/103 Testing: syntax_parser_core_test
10/103 Test: syntax_parser_core_test
Command: "C:/Dev/Cursive/cursive-bootstrap/build/tests/Release/syntax_parser_core_test.exe"
Directory: C:/Dev/Cursive/cursive-bootstrap/build/tests
"syntax_parser_core_test" start time: Jan 21 15:57 Pacific Standard Time
Output:
----------------------------------------------------------
<end of output>
Test time =   0.05 sec
----------------------------------------------------------
Test Passed.
"syntax_parser_core_test" end time: Jan 21 15:57 Pacific Standard Time
"syntax_parser_core_test" time elapsed: 00:00:00
----------------------------------------------------------

11/103 Testing: syntax_parser_items_test
11/103 Test: syntax_parser_items_test
Command: "C:/Dev/Cursive/cursive-bootstrap/build/tests/Release/syntax_parser_items_test.exe"
Directory: C:/Dev/Cursive/cursive-bootstrap/build/tests
"syntax_parser_items_test" start time: Jan 21 15:57 Pacific Standard Time
Output:
----------------------------------------------------------
<end of output>
Test time =   0.05 sec
----------------------------------------------------------
Test Passed.
"syntax_parser_items_test" end time: Jan 21 15:57 Pacific Standard Time
"syntax_parser_items_test" time elapsed: 00:00:00
----------------------------------------------------------

12/103 Testing: syntax_parser_stmt_test
12/103 Test: syntax_parser_stmt_test
Command: "C:/Dev/Cursive/cursive-bootstrap/build/tests/Release/syntax_parser_stmt_test.exe"
Directory: C:/Dev/Cursive/cursive-bootstrap/build/tests
"syntax_parser_stmt_test" start time: Jan 21 15:57 Pacific Standard Time
Output:
----------------------------------------------------------
<end of output>
Test time =   0.06 sec
----------------------------------------------------------
Test Passed.
"syntax_parser_stmt_test" end time: Jan 21 15:57 Pacific Standard Time
"syntax_parser_stmt_test" time elapsed: 00:00:00
----------------------------------------------------------

13/103 Testing: syntax_parser_expr_test
13/103 Test: syntax_parser_expr_test
Command: "C:/Dev/Cursive/cursive-bootstrap/build/tests/Release/syntax_parser_expr_test.exe"
Directory: C:/Dev/Cursive/cursive-bootstrap/build/tests
"syntax_parser_expr_test" start time: Jan 21 15:57 Pacific Standard Time
Output:
----------------------------------------------------------
<end of output>
Test time =   0.06 sec
----------------------------------------------------------
Test Passed.
"syntax_parser_expr_test" end time: Jan 21 15:57 Pacific Standard Time
"syntax_parser_expr_test" time elapsed: 00:00:00
----------------------------------------------------------

14/103 Testing: syntax_parser_pattern_test
14/103 Test: syntax_parser_pattern_test
Command: "C:/Dev/Cursive/cursive-bootstrap/build/tests/Release/syntax_parser_pattern_test.exe"
Directory: C:/Dev/Cursive/cursive-bootstrap/build/tests
"syntax_parser_pattern_test" start time: Jan 21 15:57 Pacific Standard Time
Output:
----------------------------------------------------------
<end of output>
Test time =   0.06 sec
----------------------------------------------------------
Test Passed.
"syntax_parser_pattern_test" end time: Jan 21 15:57 Pacific Standard Time
"syntax_parser_pattern_test" time elapsed: 00:00:00
----------------------------------------------------------

15/103 Testing: syntax_parser_type_test
15/103 Test: syntax_parser_type_test
Command: "C:/Dev/Cursive/cursive-bootstrap/build/tests/Release/syntax_parser_type_test.exe"
Directory: C:/Dev/Cursive/cursive-bootstrap/build/tests
"syntax_parser_type_test" start time: Jan 21 15:57 Pacific Standard Time
Output:
----------------------------------------------------------
<end of output>
Test time =   0.06 sec
----------------------------------------------------------
Test Passed.
"syntax_parser_type_test" end time: Jan 21 15:57 Pacific Standard Time
"syntax_parser_type_test" time elapsed: 00:00:00
----------------------------------------------------------

16/103 Testing: syntax_parser_docs_test
16/103 Test: syntax_parser_docs_test
Command: "C:/Dev/Cursive/cursive-bootstrap/build/tests/Release/syntax_parser_docs_test.exe"
Directory: C:/Dev/Cursive/cursive-bootstrap/build/tests
"syntax_parser_docs_test" start time: Jan 21 15:57 Pacific Standard Time
Output:
----------------------------------------------------------
<end of output>
Test time =   0.05 sec
----------------------------------------------------------
Test Passed.
"syntax_parser_docs_test" end time: Jan 21 15:57 Pacific Standard Time
"syntax_parser_docs_test" time elapsed: 00:00:00
----------------------------------------------------------

17/103 Testing: syntax_parser_consume_test
17/103 Test: syntax_parser_consume_test
Command: "C:/Dev/Cursive/cursive-bootstrap/build/tests/Release/syntax_parser_consume_test.exe"
Directory: C:/Dev/Cursive/cursive-bootstrap/build/tests
"syntax_parser_consume_test" start time: Jan 21 15:57 Pacific Standard Time
Output:
----------------------------------------------------------
<end of output>
Test time =   0.06 sec
----------------------------------------------------------
Test Passed.
"syntax_parser_consume_test" end time: Jan 21 15:57 Pacific Standard Time
"syntax_parser_consume_test" time elapsed: 00:00:00
----------------------------------------------------------

18/103 Testing: syntax_parser_angle_test
18/103 Test: syntax_parser_angle_test
Command: "C:/Dev/Cursive/cursive-bootstrap/build/tests/Release/syntax_parser_angle_test.exe"
Directory: C:/Dev/Cursive/cursive-bootstrap/build/tests
"syntax_parser_angle_test" start time: Jan 21 15:57 Pacific Standard Time
Output:
----------------------------------------------------------
<end of output>
Test time =   0.05 sec
----------------------------------------------------------
Test Passed.
"syntax_parser_angle_test" end time: Jan 21 15:57 Pacific Standard Time
"syntax_parser_angle_test" time elapsed: 00:00:00
----------------------------------------------------------

19/103 Testing: syntax_keyword_policy_test
19/103 Test: syntax_keyword_policy_test
Command: "C:/Dev/Cursive/cursive-bootstrap/build/tests/Release/syntax_keyword_policy_test.exe"
Directory: C:/Dev/Cursive/cursive-bootstrap/build/tests
"syntax_keyword_policy_test" start time: Jan 21 15:57 Pacific Standard Time
Output:
----------------------------------------------------------
<end of output>
Test time =   0.05 sec
----------------------------------------------------------
Test Passed.
"syntax_keyword_policy_test" end time: Jan 21 15:57 Pacific Standard Time
"syntax_keyword_policy_test" time elapsed: 00:00:00
----------------------------------------------------------

20/103 Testing: analysis_scopes_test
20/103 Test: analysis_scopes_test
Command: "C:/Dev/Cursive/cursive-bootstrap/build/tests/Release/analysis_scopes_test.exe"
Directory: C:/Dev/Cursive/cursive-bootstrap/build/tests
"analysis_scopes_test" start time: Jan 21 15:57 Pacific Standard Time
Output:
----------------------------------------------------------
<end of output>
Test time =   0.05 sec
----------------------------------------------------------
Test Passed.
"analysis_scopes_test" end time: Jan 21 15:57 Pacific Standard Time
"analysis_scopes_test" time elapsed: 00:00:00
----------------------------------------------------------

21/103 Testing: analysis_scopes_intro_test
21/103 Test: analysis_scopes_intro_test
Command: "C:/Dev/Cursive/cursive-bootstrap/build/tests/Release/analysis_scopes_intro_test.exe"
Directory: C:/Dev/Cursive/cursive-bootstrap/build/tests
"analysis_scopes_intro_test" start time: Jan 21 15:57 Pacific Standard Time
Output:
----------------------------------------------------------
<end of output>
Test time =   0.06 sec
----------------------------------------------------------
Test Passed.
"analysis_scopes_intro_test" end time: Jan 21 15:57 Pacific Standard Time
"analysis_scopes_intro_test" time elapsed: 00:00:00
----------------------------------------------------------

22/103 Testing: analysis_types_test
22/103 Test: analysis_types_test
Command: "C:/Dev/Cursive/cursive-bootstrap/build/tests/Release/analysis_types_test.exe"
Directory: C:/Dev/Cursive/cursive-bootstrap/build/tests
"analysis_types_test" start time: Jan 21 15:57 Pacific Standard Time
Output:
----------------------------------------------------------
<end of output>
Test time =   0.05 sec
----------------------------------------------------------
Test Passed.
"analysis_types_test" end time: Jan 21 15:57 Pacific Standard Time
"analysis_types_test" time elapsed: 00:00:00
----------------------------------------------------------

23/103 Testing: analysis_type_equiv_test
23/103 Test: analysis_type_equiv_test
Command: "C:/Dev/Cursive/cursive-bootstrap/build/tests/Release/analysis_type_equiv_test.exe"
Directory: C:/Dev/Cursive/cursive-bootstrap/build/tests
"analysis_type_equiv_test" start time: Jan 21 15:57 Pacific Standard Time
Output:
----------------------------------------------------------
<end of output>
Test time =   0.05 sec
----------------------------------------------------------
Test Passed.
"analysis_type_equiv_test" end time: Jan 21 15:57 Pacific Standard Time
"analysis_type_equiv_test" time elapsed: 00:00:00
----------------------------------------------------------

24/103 Testing: analysis_subtyping_test
24/103 Test: analysis_subtyping_test
Command: "C:/Dev/Cursive/cursive-bootstrap/build/tests/Release/analysis_subtyping_test.exe"
Directory: C:/Dev/Cursive/cursive-bootstrap/build/tests
"analysis_subtyping_test" start time: Jan 21 15:57 Pacific Standard Time
Output:
----------------------------------------------------------
<end of output>
Test time =   0.05 sec
----------------------------------------------------------
Test Passed.
"analysis_subtyping_test" end time: Jan 21 15:57 Pacific Standard Time
"analysis_subtyping_test" time elapsed: 00:00:00
----------------------------------------------------------

25/103 Testing: analysis_borrow_bind_test
25/103 Test: analysis_borrow_bind_test
Command: "C:/Dev/Cursive/cursive-bootstrap/build/tests/Release/analysis_borrow_bind_test.exe"
Directory: C:/Dev/Cursive/cursive-bootstrap/build/tests
"analysis_borrow_bind_test" start time: Jan 21 15:57 Pacific Standard Time
Output:
----------------------------------------------------------
<end of output>
Test time =   0.04 sec
----------------------------------------------------------
Test Passed.
"analysis_borrow_bind_test" end time: Jan 21 15:57 Pacific Standard Time
"analysis_borrow_bind_test" time elapsed: 00:00:00
----------------------------------------------------------

26/103 Testing: analysis_calls_test
26/103 Test: analysis_calls_test
Command: "C:/Dev/Cursive/cursive-bootstrap/build/tests/Release/analysis_calls_test.exe"
Directory: C:/Dev/Cursive/cursive-bootstrap/build/tests
"analysis_calls_test" start time: Jan 21 15:57 Pacific Standard Time
Output:
----------------------------------------------------------
<end of output>
Test time =   0.05 sec
----------------------------------------------------------
Test Passed.
"analysis_calls_test" end time: Jan 21 15:57 Pacific Standard Time
"analysis_calls_test" time elapsed: 00:00:00
----------------------------------------------------------

27/103 Testing: analysis_tuples_test
27/103 Test: analysis_tuples_test
Command: "C:/Dev/Cursive/cursive-bootstrap/build/tests/Release/analysis_tuples_test.exe"
Directory: C:/Dev/Cursive/cursive-bootstrap/build/tests
"analysis_tuples_test" start time: Jan 21 15:57 Pacific Standard Time
Output:
----------------------------------------------------------
<end of output>
Test time =   0.05 sec
----------------------------------------------------------
Test Passed.
"analysis_tuples_test" end time: Jan 21 15:57 Pacific Standard Time
"analysis_tuples_test" time elapsed: 00:00:00
----------------------------------------------------------

28/103 Testing: analysis_arrays_slices_test
28/103 Test: analysis_arrays_slices_test
Command: "C:/Dev/Cursive/cursive-bootstrap/build/tests/Release/analysis_arrays_slices_test.exe"
Directory: C:/Dev/Cursive/cursive-bootstrap/build/tests
"analysis_arrays_slices_test" start time: Jan 21 15:57 Pacific Standard Time
Output:
----------------------------------------------------------
<end of output>
Test time =   0.06 sec
----------------------------------------------------------
Test Passed.
"analysis_arrays_slices_test" end time: Jan 21 15:57 Pacific Standard Time
"analysis_arrays_slices_test" time elapsed: 00:00:00
----------------------------------------------------------

29/103 Testing: analysis_enum_disc_test
29/103 Test: analysis_enum_disc_test
Command: "C:/Dev/Cursive/cursive-bootstrap/build/tests/Release/analysis_enum_disc_test.exe"
Directory: C:/Dev/Cursive/cursive-bootstrap/build/tests
"analysis_enum_disc_test" start time: Jan 21 15:57 Pacific Standard Time
Output:
----------------------------------------------------------
<end of output>
Test time =   0.05 sec
----------------------------------------------------------
Test Passed.
"analysis_enum_disc_test" end time: Jan 21 15:57 Pacific Standard Time
"analysis_enum_disc_test" time elapsed: 00:00:00
----------------------------------------------------------

30/103 Testing: analysis_unions_test
30/103 Test: analysis_unions_test
Command: "C:/Dev/Cursive/cursive-bootstrap/build/tests/Release/analysis_unions_test.exe"
Directory: C:/Dev/Cursive/cursive-bootstrap/build/tests
"analysis_unions_test" start time: Jan 21 15:57 Pacific Standard Time
Output:
----------------------------------------------------------
<end of output>
Test time =   0.05 sec
----------------------------------------------------------
Test Passed.
"analysis_unions_test" end time: Jan 21 15:57 Pacific Standard Time
"analysis_unions_test" time elapsed: 00:00:00
----------------------------------------------------------

31/103 Testing: analysis_records_test
31/103 Test: analysis_records_test
Command: "C:/Dev/Cursive/cursive-bootstrap/build/tests/Release/analysis_records_test.exe"
Directory: C:/Dev/Cursive/cursive-bootstrap/build/tests
"analysis_records_test" start time: Jan 21 15:57 Pacific Standard Time
Output:
----------------------------------------------------------
<end of output>
Test time =   0.05 sec
----------------------------------------------------------
Test Passed.
"analysis_records_test" end time: Jan 21 15:57 Pacific Standard Time
"analysis_records_test" time elapsed: 00:00:00
----------------------------------------------------------

32/103 Testing: analysis_type_infer_test
32/103 Test: analysis_type_infer_test
Command: "C:/Dev/Cursive/cursive-bootstrap/build/tests/Release/analysis_type_infer_test.exe"
Directory: C:/Dev/Cursive/cursive-bootstrap/build/tests
"analysis_type_infer_test" start time: Jan 21 15:57 Pacific Standard Time
Output:
----------------------------------------------------------
<end of output>
Test time =   0.05 sec
----------------------------------------------------------
Test Passed.
"analysis_type_infer_test" end time: Jan 21 15:57 Pacific Standard Time
"analysis_type_infer_test" time elapsed: 00:00:00
----------------------------------------------------------

33/103 Testing: analysis_type_stmt_test
33/103 Test: analysis_type_stmt_test
Command: "C:/Dev/Cursive/cursive-bootstrap/build/tests/Release/analysis_type_stmt_test.exe"
Directory: C:/Dev/Cursive/cursive-bootstrap/build/tests
"analysis_type_stmt_test" start time: Jan 21 15:57 Pacific Standard Time
Output:
----------------------------------------------------------
<end of output>
Test time =   0.06 sec
----------------------------------------------------------
Test Passed.
"analysis_type_stmt_test" end time: Jan 21 15:57 Pacific Standard Time
"analysis_type_stmt_test" time elapsed: 00:00:00
----------------------------------------------------------

34/103 Testing: analysis_collect_toplevel_test
34/103 Test: analysis_collect_toplevel_test
Command: "C:/Dev/Cursive/cursive-bootstrap/build/tests/Release/analysis_collect_toplevel_test.exe"
Directory: C:/Dev/Cursive/cursive-bootstrap/build/tests
"analysis_collect_toplevel_test" start time: Jan 21 15:57 Pacific Standard Time
Output:
----------------------------------------------------------
<end of output>
Test time =   0.06 sec
----------------------------------------------------------
Test Passed.
"analysis_collect_toplevel_test" end time: Jan 21 15:57 Pacific Standard Time
"analysis_collect_toplevel_test" time elapsed: 00:00:00
----------------------------------------------------------

35/103 Testing: analysis_resolve_qual_test
35/103 Test: analysis_resolve_qual_test
Command: "C:/Dev/Cursive/cursive-bootstrap/build/tests/Release/analysis_resolve_qual_test.exe"
Directory: C:/Dev/Cursive/cursive-bootstrap/build/tests
"analysis_resolve_qual_test" start time: Jan 21 15:57 Pacific Standard Time
Output:
----------------------------------------------------------
<end of output>
Test time =   0.06 sec
----------------------------------------------------------
Test Passed.
"analysis_resolve_qual_test" end time: Jan 21 15:57 Pacific Standard Time
"analysis_resolve_qual_test" time elapsed: 00:00:00
----------------------------------------------------------

36/103 Testing: core_diagnostics_emit_test
36/103 Test: core_diagnostics_emit_test
Command: "C:/Dev/Cursive/cursive-bootstrap/build/tests/Release/core_diagnostics_emit_test.exe"
Directory: C:/Dev/Cursive/cursive-bootstrap/build/tests
"core_diagnostics_emit_test" start time: Jan 21 15:57 Pacific Standard Time
Output:
----------------------------------------------------------
<end of output>
Test time =   0.07 sec
----------------------------------------------------------
Test Passed.
"core_diagnostics_emit_test" end time: Jan 21 15:57 Pacific Standard Time
"core_diagnostics_emit_test" time elapsed: 00:00:00
----------------------------------------------------------

37/103 Testing: core_diag_code_selection_test
37/103 Test: core_diag_code_selection_test
Command: "C:/Dev/Cursive/cursive-bootstrap/build/tests/Release/core_diag_code_selection_test.exe"
Directory: C:/Dev/Cursive/cursive-bootstrap/build/tests
"core_diag_code_selection_test" start time: Jan 21 15:57 Pacific Standard Time
Output:
----------------------------------------------------------
diag_index.json is out of date. Re-run diag_extractor.py.
diag_index.json is out of date. Re-run diag_extractor.py.
<end of output>
Test time =   0.35 sec
----------------------------------------------------------
Test Passed.
"core_diag_code_selection_test" end time: Jan 21 15:57 Pacific Standard Time
"core_diag_code_selection_test" time elapsed: 00:00:00
----------------------------------------------------------

38/103 Testing: core_diag_order_test
38/103 Test: core_diag_order_test
Command: "C:/Dev/Cursive/cursive-bootstrap/build/tests/Release/core_diag_order_test.exe"
Directory: C:/Dev/Cursive/cursive-bootstrap/build/tests
"core_diag_order_test" start time: Jan 21 15:57 Pacific Standard Time
Output:
----------------------------------------------------------
<end of output>
Test time =   0.04 sec
----------------------------------------------------------
Test Passed.
"core_diag_order_test" end time: Jan 21 15:57 Pacific Standard Time
"core_diag_order_test" time elapsed: 00:00:00
----------------------------------------------------------

39/103 Testing: core_diag_external_test
39/103 Test: core_diag_external_test
Command: "C:/Dev/Cursive/cursive-bootstrap/build/tests/Release/core_diag_external_test.exe"
Directory: C:/Dev/Cursive/cursive-bootstrap/build/tests
"core_diag_external_test" start time: Jan 21 15:57 Pacific Standard Time
Output:
----------------------------------------------------------
<end of output>
Test time =   0.04 sec
----------------------------------------------------------
Test Passed.
"core_diag_external_test" end time: Jan 21 15:57 Pacific Standard Time
"core_diag_external_test" time elapsed: 00:00:00
----------------------------------------------------------

40/103 Testing: core_diag_render_test
40/103 Test: core_diag_render_test
Command: "C:/Dev/Cursive/cursive-bootstrap/build/tests/Release/core_diag_render_test.exe"
Directory: C:/Dev/Cursive/cursive-bootstrap/build/tests
"core_diag_render_test" start time: Jan 21 15:57 Pacific Standard Time
Output:
----------------------------------------------------------
<end of output>
Test time =   0.04 sec
----------------------------------------------------------
Test Passed.
"core_diag_render_test" end time: Jan 21 15:57 Pacific Standard Time
"core_diag_render_test" time elapsed: 00:00:00
----------------------------------------------------------

41/103 Testing: core_diag_messages_test
41/103 Test: core_diag_messages_test
Command: "C:/Dev/Cursive/cursive-bootstrap/build/tests/Release/core_diag_messages_test.exe"
Directory: C:/Dev/Cursive/cursive-bootstrap/build/tests
"core_diag_messages_test" start time: Jan 21 15:57 Pacific Standard Time
Output:
----------------------------------------------------------
<end of output>
Test time =   0.23 sec
----------------------------------------------------------
Test Passed.
"core_diag_messages_test" end time: Jan 21 15:57 Pacific Standard Time
"core_diag_messages_test" time elapsed: 00:00:00
----------------------------------------------------------

42/103 Testing: core_ub_model_test
42/103 Test: core_ub_model_test
Command: "C:/Dev/Cursive/cursive-bootstrap/build/tests/Release/core_ub_model_test.exe"
Directory: C:/Dev/Cursive/cursive-bootstrap/build/tests
"core_ub_model_test" start time: Jan 21 15:57 Pacific Standard Time
Output:
----------------------------------------------------------
<end of output>
Test time =   0.05 sec
----------------------------------------------------------
Test Passed.
"core_ub_model_test" end time: Jan 21 15:57 Pacific Standard Time
"core_ub_model_test" time elapsed: 00:00:00
----------------------------------------------------------

43/103 Testing: core_host_primitives_test
43/103 Test: core_host_primitives_test
Command: "C:/Dev/Cursive/cursive-bootstrap/build/tests/Release/core_host_primitives_test.exe"
Directory: C:/Dev/Cursive/cursive-bootstrap/build/tests
"core_host_primitives_test" start time: Jan 21 15:57 Pacific Standard Time
Output:
----------------------------------------------------------
<end of output>
Test time =   0.05 sec
----------------------------------------------------------
Test Passed.
"core_host_primitives_test" end time: Jan 21 15:57 Pacific Standard Time
"core_host_primitives_test" time elapsed: 00:00:00
----------------------------------------------------------

44/103 Testing: core_source_load_test
44/103 Test: core_source_load_test
Command: "C:/Dev/Cursive/cursive-bootstrap/build/tests/Release/core_source_load_test.exe"
Directory: C:/Dev/Cursive/cursive-bootstrap/build/tests
"core_source_load_test" start time: Jan 21 15:57 Pacific Standard Time
Output:
----------------------------------------------------------
<end of output>
Test time =   0.05 sec
----------------------------------------------------------
Test Passed.
"core_source_load_test" end time: Jan 21 15:57 Pacific Standard Time
"core_source_load_test" time elapsed: 00:00:00
----------------------------------------------------------

45/103 Testing: core_line_normalization_test
45/103 Test: core_line_normalization_test
Command: "C:/Dev/Cursive/cursive-bootstrap/build/tests/Release/core_line_normalization_test.exe"
Directory: C:/Dev/Cursive/cursive-bootstrap/build/tests
"core_line_normalization_test" start time: Jan 21 15:57 Pacific Standard Time
Output:
----------------------------------------------------------
<end of output>
Test time =   0.05 sec
----------------------------------------------------------
Test Passed.
"core_line_normalization_test" end time: Jan 21 15:57 Pacific Standard Time
"core_line_normalization_test" time elapsed: 00:00:00
----------------------------------------------------------

46/103 Testing: core_prohibited_codepoints_test
46/103 Test: core_prohibited_codepoints_test
Command: "C:/Dev/Cursive/cursive-bootstrap/build/tests/Release/core_prohibited_codepoints_test.exe"
Directory: C:/Dev/Cursive/cursive-bootstrap/build/tests
"core_prohibited_codepoints_test" start time: Jan 21 15:57 Pacific Standard Time
Output:
----------------------------------------------------------
<end of output>
Test time =   0.05 sec
----------------------------------------------------------
Test Passed.
"core_prohibited_codepoints_test" end time: Jan 21 15:57 Pacific Standard Time
"core_prohibited_codepoints_test" time elapsed: 00:00:00
----------------------------------------------------------

47/103 Testing: project_manifest_parse_test
47/103 Test: project_manifest_parse_test
Command: "C:/Dev/Cursive/cursive-bootstrap/build/tests/Release/project_manifest_parse_test.exe"
Directory: C:/Dev/Cursive/cursive-bootstrap/build/tests
"project_manifest_parse_test" start time: Jan 21 15:57 Pacific Standard Time
Output:
----------------------------------------------------------
<end of output>
Test time =   0.07 sec
----------------------------------------------------------
Test Passed.
"project_manifest_parse_test" end time: Jan 21 15:57 Pacific Standard Time
"project_manifest_parse_test" time elapsed: 00:00:00
----------------------------------------------------------

48/103 Testing: project_manifest_validate_test
48/103 Test: project_manifest_validate_test
Command: "C:/Dev/Cursive/cursive-bootstrap/build/tests/Release/project_manifest_validate_test.exe"
Directory: C:/Dev/Cursive/cursive-bootstrap/build/tests
"project_manifest_validate_test" start time: Jan 21 15:57 Pacific Standard Time
Output:
----------------------------------------------------------
<end of output>
Test time =   0.06 sec
----------------------------------------------------------
Test Passed.
"project_manifest_validate_test" end time: Jan 21 15:57 Pacific Standard Time
"project_manifest_validate_test" time elapsed: 00:00:00
----------------------------------------------------------

49/103 Testing: project_load_pipeline_test
49/103 Test: project_load_pipeline_test
Command: "C:/Dev/Cursive/cursive-bootstrap/build/tests/Release/project_load_pipeline_test.exe"
Directory: C:/Dev/Cursive/cursive-bootstrap/build/tests
"project_load_pipeline_test" start time: Jan 21 15:57 Pacific Standard Time
Output:
----------------------------------------------------------
<end of output>
Test time =   0.06 sec
----------------------------------------------------------
Test Passed.
"project_load_pipeline_test" end time: Jan 21 15:57 Pacific Standard Time
"project_load_pipeline_test" time elapsed: 00:00:00
----------------------------------------------------------

50/103 Testing: project_deterministic_order_test
50/103 Test: project_deterministic_order_test
Command: "C:/Dev/Cursive/cursive-bootstrap/build/tests/Release/project_deterministic_order_test.exe"
Directory: C:/Dev/Cursive/cursive-bootstrap/build/tests
"project_deterministic_order_test" start time: Jan 21 15:57 Pacific Standard Time
Output:
----------------------------------------------------------
<end of output>
Test time =   0.06 sec
----------------------------------------------------------
Test Passed.
"project_deterministic_order_test" end time: Jan 21 15:57 Pacific Standard Time
"project_deterministic_order_test" time elapsed: 00:00:00
----------------------------------------------------------

51/103 Testing: project_module_discovery_test
51/103 Test: project_module_discovery_test
Command: "C:/Dev/Cursive/cursive-bootstrap/build/tests/Release/project_module_discovery_test.exe"
Directory: C:/Dev/Cursive/cursive-bootstrap/build/tests
"project_module_discovery_test" start time: Jan 21 15:57 Pacific Standard Time
Output:
----------------------------------------------------------
<end of output>
Test time =   0.07 sec
----------------------------------------------------------
Test Passed.
"project_module_discovery_test" end time: Jan 21 15:57 Pacific Standard Time
"project_module_discovery_test" time elapsed: 00:00:00
----------------------------------------------------------

52/103 Testing: project_outputs_test
52/103 Test: project_outputs_test
Command: "C:/Dev/Cursive/cursive-bootstrap/build/tests/Release/project_outputs_test.exe"
Directory: C:/Dev/Cursive/cursive-bootstrap/build/tests
"project_outputs_test" start time: Jan 21 15:57 Pacific Standard Time
Output:
----------------------------------------------------------
<end of output>
Test time =   0.05 sec
----------------------------------------------------------
Test Passed.
"project_outputs_test" end time: Jan 21 15:57 Pacific Standard Time
"project_outputs_test" time elapsed: 00:00:00
----------------------------------------------------------

53/103 Testing: project_link_test
53/103 Test: project_link_test
Command: "C:/Dev/Cursive/cursive-bootstrap/build/tests/Release/project_link_test.exe"
Directory: C:/Dev/Cursive/cursive-bootstrap/build/tests
"project_link_test" start time: Jan 21 15:57 Pacific Standard Time
Output:
----------------------------------------------------------
<end of output>
Test time =   0.05 sec
----------------------------------------------------------
Test Passed.
"project_link_test" end time: Jan 21 15:57 Pacific Standard Time
"project_link_test" time elapsed: 00:00:00
----------------------------------------------------------

54/103 Testing: project_tool_resolution_test
54/103 Test: project_tool_resolution_test
Command: "C:/Dev/Cursive/cursive-bootstrap/build/tests/Release/project_tool_resolution_test.exe"
Directory: C:/Dev/Cursive/cursive-bootstrap/build/tests
"project_tool_resolution_test" start time: Jan 21 15:57 Pacific Standard Time
Output:
----------------------------------------------------------
<end of output>
Test time =   0.06 sec
----------------------------------------------------------
Test Passed.
"project_tool_resolution_test" end time: Jan 21 15:57 Pacific Standard Time
"project_tool_resolution_test" time elapsed: 00:00:00
----------------------------------------------------------

55/103 Testing: project_ir_assembly_test
55/103 Test: project_ir_assembly_test
Command: "C:/Dev/Cursive/cursive-bootstrap/build/tests/Release/project_ir_assembly_test.exe"
Directory: C:/Dev/Cursive/cursive-bootstrap/build/tests
"project_ir_assembly_test" start time: Jan 21 15:57 Pacific Standard Time
Output:
----------------------------------------------------------
<end of output>
Test time =   0.05 sec
----------------------------------------------------------
Test Passed.
"project_ir_assembly_test" end time: Jan 21 15:57 Pacific Standard Time
"project_ir_assembly_test" time elapsed: 00:00:00
----------------------------------------------------------

56/103 Testing: syntax_parse_modules_test
56/103 Test: syntax_parse_modules_test
Command: "C:/Dev/Cursive/cursive-bootstrap/build/tests/Release/syntax_parse_modules_test.exe"
Directory: C:/Dev/Cursive/cursive-bootstrap/build/tests
"syntax_parse_modules_test" start time: Jan 21 15:57 Pacific Standard Time
Output:
----------------------------------------------------------
<end of output>
Test time =   0.07 sec
----------------------------------------------------------
Test Passed.
"syntax_parse_modules_test" end time: Jan 21 15:57 Pacific Standard Time
"syntax_parse_modules_test" time elapsed: 00:00:00
----------------------------------------------------------

57/103 Testing: analysis_conformance_test
57/103 Test: analysis_conformance_test
Command: "C:/Dev/Cursive/cursive-bootstrap/build/tests/Release/analysis_conformance_test.exe"
Directory: C:/Dev/Cursive/cursive-bootstrap/build/tests
"analysis_conformance_test" start time: Jan 21 15:57 Pacific Standard Time
Output:
----------------------------------------------------------
<end of output>
Test time =   0.05 sec
----------------------------------------------------------
Test Passed.
"analysis_conformance_test" end time: Jan 21 15:57 Pacific Standard Time
"analysis_conformance_test" time elapsed: 00:00:00
----------------------------------------------------------

58/103 Testing: analysis_conformance_subset_unicode_test
58/103 Test: analysis_conformance_subset_unicode_test
Command: "C:/Dev/Cursive/cursive-bootstrap/build/tests/Release/analysis_conformance_subset_unicode_test.exe"
Directory: C:/Dev/Cursive/cursive-bootstrap/build/tests
"analysis_conformance_subset_unicode_test" start time: Jan 21 15:57 Pacific Standard Time
Output:
----------------------------------------------------------
<end of output>
Test time =   0.06 sec
----------------------------------------------------------
Test Passed.
"analysis_conformance_subset_unicode_test" end time: Jan 21 15:57 Pacific Standard Time
"analysis_conformance_subset_unicode_test" time elapsed: 00:00:00
----------------------------------------------------------

59/103 Testing: compile_tests
59/103 Test: compile_tests
Command: "C:/Users/Crow/AppData/Local/Programs/Python/Python313/python.exe" "C:/Dev/Cursive/cursive-bootstrap/tests/harness/run_compiler.py" "--compiler" "C:/Dev/Cursive/cursive-bootstrap/build/Release/cursivec0.exe" "--tests-root" "C:/Dev/Cursive/cursive-bootstrap/tests/compile"
Directory: C:/Dev/Cursive/cursive-bootstrap/build/tests
"compile_tests" start time: Jan 21 15:57 Pacific Standard Time
Output:
----------------------------------------------------------
all compile tests passed
<end of output>
Test time =  31.65 sec
----------------------------------------------------------
Test Passed.
"compile_tests" end time: Jan 21 15:57 Pacific Standard Time
"compile_tests" time elapsed: 00:00:31
----------------------------------------------------------

60/103 Testing: semantics_oracle_tests
60/103 Test: semantics_oracle_tests
Command: "C:/Users/Crow/AppData/Local/Programs/Python/Python313/python.exe" "C:/Dev/Cursive/cursive-bootstrap/tests/harness/run_semantics_oracle.py" "--compiler" "C:/Dev/Cursive/cursive-bootstrap/build/Release/cursivec0.exe" "--interpreter" "C:/Dev/Cursive/cursive-bootstrap/build/Release/cursive0_interpreter_cli.exe" "--tests-root" "C:/Dev/Cursive/cursive-bootstrap/tests/semantics_oracle"
Directory: C:/Dev/Cursive/cursive-bootstrap/build/tests
"semantics_oracle_tests" start time: Jan 21 15:57 Pacific Standard Time
Output:
----------------------------------------------------------
C:\Dev\Cursive\cursive-bootstrap\tests\semantics_oracle\drop_order_ok: stdout mismatch vs interpreter
expected: 'B'
actual:   'BA'
1 semantics-oracle test(s) failed
<end of output>
Test time =   3.70 sec
----------------------------------------------------------
Test Failed.
"semantics_oracle_tests" end time: Jan 21 15:57 Pacific Standard Time
"semantics_oracle_tests" time elapsed: 00:00:03
----------------------------------------------------------

61/103 Testing: spec_coverage_report
61/103 Test: spec_coverage_report
Command: "C:/Users/Crow/AppData/Local/Programs/Python/Python313/python.exe" "C:/Dev/Cursive/cursive-bootstrap/tests/../tools/coverage_report.py"
Directory: C:/Dev/Cursive/cursive-bootstrap/build/tests
"spec_coverage_report" start time: Jan 21 15:57 Pacific Standard Time
Output:
----------------------------------------------------------
Loading rules index...
Found 2367 rules in spec/rules_index.json
Scanning implementation files for SPEC_RULE anchors...
Found 2511 SPEC_RULE anchors
Scanning test files for SPEC_COV anchors...
Found 2461 SPEC_COV anchors

All phases Summary:
  SPEC_RULE: 2367/2367 (100.0%)
  SPEC_COV:  2367/2367 (100.0%)

=== Coverage Report (All) ===
Total rules: 2367
Implementation coverage: 2367/2367 (100.0%)
Test coverage: 2367/2367 (100.0%)
Traceback (most recent call last):
  File "C:\Dev\Cursive\cursive-bootstrap\tools\coverage_check.py", line 299, in <module>
    sys.exit(main())
             ~~~~^^
  File "C:\Dev\Cursive\cursive-bootstrap\tools\coverage_check.py", line 294, in main
    print("\n\u2705 Full coverage achieved!")
    ~~~~~^^^^^^^^^^^^^^^^^^^^^^^^^^^^^^^^
  File "C:\Users\Crow\AppData\Local\Programs\Python\Python313\Lib\encodings\cp1252.py", line 19, in encode
    return codecs.charmap_encode(input,self.errors,encoding_table)[0]
           ~~~~~~~~~~~~~~~~~~~~~^^^^^^^^^^^^^^^^^^^^^^^^^^^^^^^^^^
UnicodeEncodeError: 'charmap' codec can't encode character '\u2705' in position 2: character maps to <undefined>
[coverage_report] unknown SPEC_COV ids (not in rules_index.json):
  - Builtin-Fs-Sys-NotFound
  - BuiltinRecord
  - BytesBuiltin-Unknown
  - Cap-Unknown-Field
  - Chk-Dynamic-NonDispatch
  - Class-Linearization-Err
  - Class-Superclass-Undefined
  - ConstInit
  - Dynamic-Method-NotFound
  - EmitVTable
  - EmitVTable-Header
  - EmitVTable-Slots
  - EvalOrder-AddressOf
  - EvalOrder-Loop
  - EvalOrder-Tuple
  - Fields(Context)
  - HeapAllocator-Alloc
  - Impl-Method-Missing
  - Impl-Method-Sig-Err
  - Index-Slice-NonUsize
  - LitInt-LeadingZero-Warn
  - Lower-Loop-Conditional
  - Lower-Stmt-Let-Default
  - Match-NonExhaustive
  - Modal-Transition
  - Modal-Widen
  - PanicCheck
  - Prim-String-Drop
  - Prim-String-From
  - Step-Discover
  - Step-Discover-Err-Root
  - StringBuiltin-Unknown
  - StringLiteralVal
  - SystemMethodSig
  - T-Binary-Type-Err
  - T-Cast-Invalid
  - T-IfExpr-Branch-Mismatch
  - T-IfExpr-Cond-NonBool
  - T-Loop-Cond-NonBool
  - T-Loop-Iter-NonIter
  - T-Range-Type-Err
  - T-Unary-Type-Err
[coverage_report] coverage_check.py reported missing coverage
<end of output>
Test time =   1.06 sec
----------------------------------------------------------
Test Passed.
"spec_coverage_report" end time: Jan 21 15:57 Pacific Standard Time
"spec_coverage_report" time elapsed: 00:00:01
----------------------------------------------------------

62/103 Testing: spec_diag_report
62/103 Test: spec_diag_report
Command: "C:/Users/Crow/AppData/Local/Programs/Python/Python313/python.exe" "C:/Dev/Cursive/cursive-bootstrap/tests/../tools/diag_check_report.py"
Directory: C:/Dev/Cursive/cursive-bootstrap/build/tests
"spec_diag_report" start time: Jan 21 15:57 Pacific Standard Time
Output:
----------------------------------------------------------
diag_index.json is out of date. Re-run diag_extractor.py.
[diag_check_report] diag_extractor.py --check reported mismatches
<end of output>
Test time =   0.13 sec
----------------------------------------------------------
Test Passed.
"spec_diag_report" end time: Jan 21 15:57 Pacific Standard Time
"spec_diag_report" time elapsed: 00:00:00
----------------------------------------------------------

63/103 Testing: analysis_scopes_lookup_test
63/103 Test: analysis_scopes_lookup_test
Command: "C:/Dev/Cursive/cursive-bootstrap/build/tests/Release/analysis_scopes_lookup_test.exe"
Directory: C:/Dev/Cursive/cursive-bootstrap/build/tests
"analysis_scopes_lookup_test" start time: Jan 21 15:57 Pacific Standard Time
Output:
----------------------------------------------------------
<end of output>
Test time =   0.06 sec
----------------------------------------------------------
Test Passed.
"analysis_scopes_lookup_test" end time: Jan 21 15:57 Pacific Standard Time
"analysis_scopes_lookup_test" time elapsed: 00:00:00
----------------------------------------------------------

64/103 Testing: analysis_resolver_expr_test
64/103 Test: analysis_resolver_expr_test
Command: "C:/Dev/Cursive/cursive-bootstrap/build/tests/Release/analysis_resolver_expr_test.exe"
Directory: C:/Dev/Cursive/cursive-bootstrap/build/tests
"analysis_resolver_expr_test" start time: Jan 21 15:57 Pacific Standard Time
Output:
----------------------------------------------------------
<end of output>
Test time =   0.06 sec
----------------------------------------------------------
Test Passed.
"analysis_resolver_expr_test" end time: Jan 21 15:57 Pacific Standard Time
"analysis_resolver_expr_test" time elapsed: 00:00:00
----------------------------------------------------------

65/103 Testing: analysis_resolver_items_test
65/103 Test: analysis_resolver_items_test
Command: "C:/Dev/Cursive/cursive-bootstrap/build/tests/Release/analysis_resolver_items_test.exe"
Directory: C:/Dev/Cursive/cursive-bootstrap/build/tests
"analysis_resolver_items_test" start time: Jan 21 15:57 Pacific Standard Time
Output:
----------------------------------------------------------
<end of output>
Test time =   0.06 sec
----------------------------------------------------------
Test Passed.
"analysis_resolver_items_test" end time: Jan 21 15:57 Pacific Standard Time
"analysis_resolver_items_test" time elapsed: 00:00:00
----------------------------------------------------------

66/103 Testing: analysis_visibility_test
66/103 Test: analysis_visibility_test
Command: "C:/Dev/Cursive/cursive-bootstrap/build/tests/Release/analysis_visibility_test.exe"
Directory: C:/Dev/Cursive/cursive-bootstrap/build/tests
"analysis_visibility_test" start time: Jan 21 15:57 Pacific Standard Time
Output:
----------------------------------------------------------
<end of output>
Test time =   0.05 sec
----------------------------------------------------------
Test Passed.
"analysis_visibility_test" end time: Jan 21 15:57 Pacific Standard Time
"analysis_visibility_test" time elapsed: 00:00:00
----------------------------------------------------------

67/103 Testing: analysis_literals_test
67/103 Test: analysis_literals_test
Command: "C:/Dev/Cursive/cursive-bootstrap/build/tests/Release/analysis_literals_test.exe"
Directory: C:/Dev/Cursive/cursive-bootstrap/build/tests
"analysis_literals_test" start time: Jan 21 15:57 Pacific Standard Time
Output:
----------------------------------------------------------
<end of output>
Test time =   0.06 sec
----------------------------------------------------------
Test Passed.
"analysis_literals_test" end time: Jan 21 15:57 Pacific Standard Time
"analysis_literals_test" time elapsed: 00:00:00
----------------------------------------------------------

68/103 Testing: analysis_type_expr_test
68/103 Test: analysis_type_expr_test
Command: "C:/Dev/Cursive/cursive-bootstrap/build/tests/Release/analysis_type_expr_test.exe"
Directory: C:/Dev/Cursive/cursive-bootstrap/build/tests
"analysis_type_expr_test" start time: Jan 21 15:57 Pacific Standard Time
Output:
----------------------------------------------------------
<end of output>
Test time =   0.06 sec
----------------------------------------------------------
Test Passed.
"analysis_type_expr_test" end time: Jan 21 15:57 Pacific Standard Time
"analysis_type_expr_test" time elapsed: 00:00:00
----------------------------------------------------------

69/103 Testing: analysis_type_wf_test
69/103 Test: analysis_type_wf_test
Command: "C:/Dev/Cursive/cursive-bootstrap/build/tests/Release/analysis_type_wf_test.exe"
Directory: C:/Dev/Cursive/cursive-bootstrap/build/tests
"analysis_type_wf_test" start time: Jan 21 15:57 Pacific Standard Time
Output:
----------------------------------------------------------
<end of output>
Test time =   0.05 sec
----------------------------------------------------------
Test Passed.
"analysis_type_wf_test" end time: Jan 21 15:57 Pacific Standard Time
"analysis_type_wf_test" time elapsed: 00:00:00
----------------------------------------------------------

70/103 Testing: analysis_type_match_test
70/103 Test: analysis_type_match_test
Command: "C:/Dev/Cursive/cursive-bootstrap/build/tests/Release/analysis_type_match_test.exe"
Directory: C:/Dev/Cursive/cursive-bootstrap/build/tests
"analysis_type_match_test" start time: Jan 21 15:57 Pacific Standard Time
Output:
----------------------------------------------------------
<end of output>
Test time =   0.05 sec
----------------------------------------------------------
Test Passed.
"analysis_type_match_test" end time: Jan 21 15:57 Pacific Standard Time
"analysis_type_match_test" time elapsed: 00:00:00
----------------------------------------------------------

71/103 Testing: analysis_init_planner_test
71/103 Test: analysis_init_planner_test
Command: "C:/Dev/Cursive/cursive-bootstrap/build/tests/Release/analysis_init_planner_test.exe"
Directory: C:/Dev/Cursive/cursive-bootstrap/build/tests
"analysis_init_planner_test" start time: Jan 21 15:57 Pacific Standard Time
Output:
----------------------------------------------------------
<end of output>
Test time =   0.06 sec
----------------------------------------------------------
Test Passed.
"analysis_init_planner_test" end time: Jan 21 15:57 Pacific Standard Time
"analysis_init_planner_test" time elapsed: 00:00:00
----------------------------------------------------------

72/103 Testing: codegen_phase4_lower_missing_cov_test
72/103 Test: codegen_phase4_lower_missing_cov_test
Command: "C:/Dev/Cursive/cursive-bootstrap/build/tests/Release/codegen_phase4_lower_missing_cov_test.exe"
Directory: C:/Dev/Cursive/cursive-bootstrap/build/tests
"codegen_phase4_lower_missing_cov_test" start time: Jan 21 15:57 Pacific Standard Time
Output:
----------------------------------------------------------
<end of output>
Test time =   0.06 sec
----------------------------------------------------------
Test Passed.
"codegen_phase4_lower_missing_cov_test" end time: Jan 21 15:57 Pacific Standard Time
"codegen_phase4_lower_missing_cov_test" time elapsed: 00:00:00
----------------------------------------------------------

73/103 Testing: codegen_init_poison_test
73/103 Test: codegen_init_poison_test
Command: "C:/Dev/Cursive/cursive-bootstrap/build/tests/Release/codegen_init_poison_test.exe"
Directory: C:/Dev/Cursive/cursive-bootstrap/build/tests
"codegen_init_poison_test" start time: Jan 21 15:57 Pacific Standard Time
Output:
----------------------------------------------------------
<end of output>
Test time =   0.04 sec
----------------------------------------------------------
Test Passed.
"codegen_init_poison_test" end time: Jan 21 15:57 Pacific Standard Time
"codegen_init_poison_test" time elapsed: 00:00:00
----------------------------------------------------------

74/103 Testing: codegen_panic_cleanup_test
74/103 Test: codegen_panic_cleanup_test
Command: "C:/Dev/Cursive/cursive-bootstrap/build/tests/Release/codegen_panic_cleanup_test.exe"
Directory: C:/Dev/Cursive/cursive-bootstrap/build/tests
"codegen_panic_cleanup_test" start time: Jan 21 15:57 Pacific Standard Time
Output:
----------------------------------------------------------
<end of output>
Test time =   0.05 sec
----------------------------------------------------------
Test Passed.
"codegen_panic_cleanup_test" end time: Jan 21 15:57 Pacific Standard Time
"codegen_panic_cleanup_test" time elapsed: 00:00:00
----------------------------------------------------------

75/103 Testing: codegen_ir_model_test
75/103 Test: codegen_ir_model_test
Command: "C:/Dev/Cursive/cursive-bootstrap/build/tests/Release/codegen_ir_model_test.exe"
Directory: C:/Dev/Cursive/cursive-bootstrap/build/tests
"codegen_ir_model_test" start time: Jan 21 15:57 Pacific Standard Time
Output:
----------------------------------------------------------
<end of output>
Test time =   0.04 sec
----------------------------------------------------------
Test Passed.
"codegen_ir_model_test" end time: Jan 21 15:57 Pacific Standard Time
"codegen_ir_model_test" time elapsed: 00:00:00
----------------------------------------------------------

76/103 Testing: codegen_layout_test
76/103 Test: codegen_layout_test
Command: "C:/Dev/Cursive/cursive-bootstrap/build/tests/Release/codegen_layout_test.exe"
Directory: C:/Dev/Cursive/cursive-bootstrap/build/tests
"codegen_layout_test" start time: Jan 21 15:57 Pacific Standard Time
Output:
----------------------------------------------------------
<end of output>
Test time =   0.04 sec
----------------------------------------------------------
Test Passed.
"codegen_layout_test" end time: Jan 21 15:57 Pacific Standard Time
"codegen_layout_test" time elapsed: 00:00:00
----------------------------------------------------------

77/103 Testing: codegen_globals_test
77/103 Test: codegen_globals_test
Command: "C:/Dev/Cursive/cursive-bootstrap/build/tests/Release/codegen_globals_test.exe"
Directory: C:/Dev/Cursive/cursive-bootstrap/build/tests
"codegen_globals_test" start time: Jan 21 15:57 Pacific Standard Time
Output:
----------------------------------------------------------
<end of output>
Test time =   0.05 sec
----------------------------------------------------------
Test Passed.
"codegen_globals_test" end time: Jan 21 15:57 Pacific Standard Time
"codegen_globals_test" time elapsed: 00:00:00
----------------------------------------------------------

78/103 Testing: codegen_abi_test
78/103 Test: codegen_abi_test
Command: "C:/Dev/Cursive/cursive-bootstrap/build/tests/Release/codegen_abi_test.exe"
Directory: C:/Dev/Cursive/cursive-bootstrap/build/tests
"codegen_abi_test" start time: Jan 21 15:57 Pacific Standard Time
Output:
----------------------------------------------------------
<end of output>
Test time =   0.05 sec
----------------------------------------------------------
Test Passed.
"codegen_abi_test" end time: Jan 21 15:57 Pacific Standard Time
"codegen_abi_test" time elapsed: 00:00:00
----------------------------------------------------------

79/103 Testing: codegen_runtime_interface_phase4_test
79/103 Test: codegen_runtime_interface_phase4_test
Command: "C:/Dev/Cursive/cursive-bootstrap/build/tests/Release/codegen_runtime_interface_phase4_test.exe"
Directory: C:/Dev/Cursive/cursive-bootstrap/build/tests
"codegen_runtime_interface_phase4_test" start time: Jan 21 15:57 Pacific Standard Time
Output:
----------------------------------------------------------
<end of output>
Test time =   0.05 sec
----------------------------------------------------------
Test Passed.
"codegen_runtime_interface_phase4_test" end time: Jan 21 15:57 Pacific Standard Time
"codegen_runtime_interface_phase4_test" time elapsed: 00:00:00
----------------------------------------------------------

80/103 Testing: core_hash_test
80/103 Test: core_hash_test
Command: "C:/Dev/Cursive/cursive-bootstrap/build/tests/Release/core_hash_test.exe"
Directory: C:/Dev/Cursive/cursive-bootstrap/build/tests
"core_hash_test" start time: Jan 21 15:57 Pacific Standard Time
Output:
----------------------------------------------------------
<end of output>
Test time =   0.05 sec
----------------------------------------------------------
Test Passed.
"core_hash_test" end time: Jan 21 15:57 Pacific Standard Time
"core_hash_test" time elapsed: 00:00:00
----------------------------------------------------------

81/103 Testing: codegen_mangle_test
81/103 Test: codegen_mangle_test
Command: "C:/Dev/Cursive/cursive-bootstrap/build/tests/Release/codegen_mangle_test.exe"
Directory: C:/Dev/Cursive/cursive-bootstrap/build/tests
"codegen_mangle_test" start time: Jan 21 15:57 Pacific Standard Time
Output:
----------------------------------------------------------
<end of output>
Test time =   0.05 sec
----------------------------------------------------------
Test Passed.
"codegen_mangle_test" end time: Jan 21 15:57 Pacific Standard Time
"codegen_mangle_test" time elapsed: 00:00:00
----------------------------------------------------------

82/103 Testing: codegen_linkage_test
82/103 Test: codegen_linkage_test
Command: "C:/Dev/Cursive/cursive-bootstrap/build/tests/Release/codegen_linkage_test.exe"
Directory: C:/Dev/Cursive/cursive-bootstrap/build/tests
"codegen_linkage_test" start time: Jan 21 15:57 Pacific Standard Time
Output:
----------------------------------------------------------
<end of output>
Test time =   0.05 sec
----------------------------------------------------------
Test Passed.
"codegen_linkage_test" end time: Jan 21 15:57 Pacific Standard Time
"codegen_linkage_test" time elapsed: 00:00:00
----------------------------------------------------------

83/103 Testing: codegen_llvm_test
83/103 Test: codegen_llvm_test
Command: "C:/Dev/Cursive/cursive-bootstrap/build/tests/Release/codegen_llvm_test.exe"
Directory: C:/Dev/Cursive/cursive-bootstrap/build/tests
"codegen_llvm_test" start time: Jan 21 15:57 Pacific Standard Time
Output:
----------------------------------------------------------
TestSetupModule...
PASS
TestTypes...
PASS
TestOpaquePointers...
PASS
TestABI...
PASS
TestCallABIRules...
PASS
TestParamBindingAndAttrs...
PASS
TestEntryPointSymbols...
PASS
TestEntryPointErrors...
PASS
TestLLVMTypeCoverage...
PASS
TestEmitLLVMError...
PASS
TestEmitObjError...
PASS
TestEmitObjOk...
PASS
TestLowerIRError...
PASS
<end of output>
Test time =   0.06 sec
----------------------------------------------------------
Test Passed.
"codegen_llvm_test" end time: Jan 21 15:57 Pacific Standard Time
"codegen_llvm_test" time elapsed: 00:00:00
----------------------------------------------------------

84/103 Testing: codegen_string_literal_test
84/103 Test: codegen_string_literal_test
Command: "C:/Dev/Cursive/cursive-bootstrap/build/tests/Release/codegen_string_literal_test.exe"
Directory: C:/Dev/Cursive/cursive-bootstrap/build/tests
"codegen_string_literal_test" start time: Jan 21 15:57 Pacific Standard Time
Output:
----------------------------------------------------------
<end of output>
Test time =   0.05 sec
----------------------------------------------------------
Test Passed.
"codegen_string_literal_test" end time: Jan 21 15:57 Pacific Standard Time
"codegen_string_literal_test" time elapsed: 00:00:00
----------------------------------------------------------

85/103 Testing: eval_smoke_test
85/103 Test: eval_smoke_test
Command: "C:/Dev/Cursive/cursive-bootstrap/build/tests/Release/eval_smoke_test.exe"
Directory: C:/Dev/Cursive/cursive-bootstrap/build/tests
"eval_smoke_test" start time: Jan 21 15:57 Pacific Standard Time
Output:
----------------------------------------------------------
<end of output>
Test time =   0.05 sec
----------------------------------------------------------
Test Passed.
"eval_smoke_test" end time: Jan 21 15:57 Pacific Standard Time
"eval_smoke_test" time elapsed: 00:00:00
----------------------------------------------------------

86/103 Testing: eval_state_test
86/103 Test: eval_state_test
Command: "C:/Dev/Cursive/cursive-bootstrap/build/tests/Release/eval_state_test.exe"
Directory: C:/Dev/Cursive/cursive-bootstrap/build/tests
"eval_state_test" start time: Jan 21 15:57 Pacific Standard Time
Output:
----------------------------------------------------------
<end of output>
Test time =   0.05 sec
----------------------------------------------------------
Test Passed.
"eval_state_test" end time: Jan 21 15:57 Pacific Standard Time
"eval_state_test" time elapsed: 00:00:00
----------------------------------------------------------

87/103 Testing: eval_match_test
87/103 Test: eval_match_test
Command: "C:/Dev/Cursive/cursive-bootstrap/build/tests/Release/eval_match_test.exe"
Directory: C:/Dev/Cursive/cursive-bootstrap/build/tests
"eval_match_test" start time: Jan 21 15:57 Pacific Standard Time
Output:
----------------------------------------------------------
<end of output>
Test time =   0.06 sec
----------------------------------------------------------
Test Passed.
"eval_match_test" end time: Jan 21 15:57 Pacific Standard Time
"eval_match_test" time elapsed: 00:00:00
----------------------------------------------------------

88/103 Testing: eval_eval_test
88/103 Test: eval_eval_test
Command: "C:/Dev/Cursive/cursive-bootstrap/build/tests/Release/eval_eval_test.exe"
Directory: C:/Dev/Cursive/cursive-bootstrap/build/tests
"eval_eval_test" start time: Jan 21 15:57 Pacific Standard Time
Output:
----------------------------------------------------------
<end of output>
Test time =   0.06 sec
----------------------------------------------------------
Test Passed.
"eval_eval_test" end time: Jan 21 15:57 Pacific Standard Time
"eval_eval_test" time elapsed: 00:00:00
----------------------------------------------------------

89/103 Testing: eval_apply_cov_test
89/103 Test: eval_apply_cov_test
Command: "C:/Dev/Cursive/cursive-bootstrap/build/tests/Release/eval_apply_cov_test.exe"
Directory: C:/Dev/Cursive/cursive-bootstrap/build/tests
"eval_apply_cov_test" start time: Jan 21 15:57 Pacific Standard Time
Output:
----------------------------------------------------------
<end of output>
Test time =   0.06 sec
----------------------------------------------------------
Test Passed.
"eval_apply_cov_test" end time: Jan 21 15:57 Pacific Standard Time
"eval_apply_cov_test" time elapsed: 00:00:00
----------------------------------------------------------

90/103 Testing: eval_cast_cov_test
90/103 Test: eval_cast_cov_test
Command: "C:/Dev/Cursive/cursive-bootstrap/build/tests/Release/eval_cast_cov_test.exe"
Directory: C:/Dev/Cursive/cursive-bootstrap/build/tests
"eval_cast_cov_test" start time: Jan 21 15:57 Pacific Standard Time
Output:
----------------------------------------------------------
<end of output>
Test time =   0.05 sec
----------------------------------------------------------
Test Passed.
"eval_cast_cov_test" end time: Jan 21 15:57 Pacific Standard Time
"eval_cast_cov_test" time elapsed: 00:00:00
----------------------------------------------------------

91/103 Testing: eval_exec_cov_test
91/103 Test: eval_exec_cov_test
Command: "C:/Dev/Cursive/cursive-bootstrap/build/tests/Release/eval_exec_cov_test.exe"
Directory: C:/Dev/Cursive/cursive-bootstrap/build/tests
"eval_exec_cov_test" start time: Jan 21 15:57 Pacific Standard Time
Output:
----------------------------------------------------------
<end of output>
Test time =   0.05 sec
----------------------------------------------------------
Test Passed.
"eval_exec_cov_test" end time: Jan 21 15:57 Pacific Standard Time
"eval_exec_cov_test" time elapsed: 00:00:00
----------------------------------------------------------

92/103 Testing: eval_cleanup_cov_test
92/103 Test: eval_cleanup_cov_test
Command: "C:/Dev/Cursive/cursive-bootstrap/build/tests/Release/eval_cleanup_cov_test.exe"
Directory: C:/Dev/Cursive/cursive-bootstrap/build/tests
"eval_cleanup_cov_test" start time: Jan 21 15:57 Pacific Standard Time
Output:
----------------------------------------------------------
Assertion failed: status == CleanupStatus::Abort, file C:\Dev\Cursive\cursive-bootstrap\tests\unit\eval_cleanup_cov_test.cpp, line 313
<end of output>
Test time =   0.06 sec
----------------------------------------------------------
Test Failed.
"eval_cleanup_cov_test" end time: Jan 21 15:57 Pacific Standard Time
"eval_cleanup_cov_test" time elapsed: 00:00:00
----------------------------------------------------------

93/103 Testing: eval_interpreter_cov_test
93/103 Test: eval_interpreter_cov_test
Command: "C:/Dev/Cursive/cursive-bootstrap/build/tests/Release/eval_interpreter_cov_test.exe"
Directory: C:/Dev/Cursive/cursive-bootstrap/build/tests
"eval_interpreter_cov_test" start time: Jan 21 15:57 Pacific Standard Time
Output:
----------------------------------------------------------
<end of output>
Test time =   0.07 sec
----------------------------------------------------------
Test Passed.
"eval_interpreter_cov_test" end time: Jan 21 15:57 Pacific Standard Time
"eval_interpreter_cov_test" time elapsed: 00:00:00
----------------------------------------------------------

94/103 Testing: eval_eval_call_cov_test
94/103 Test: eval_eval_call_cov_test
Command: "C:/Dev/Cursive/cursive-bootstrap/build/tests/Release/eval_eval_call_cov_test.exe"
Directory: C:/Dev/Cursive/cursive-bootstrap/build/tests
"eval_eval_call_cov_test" start time: Jan 21 15:57 Pacific Standard Time
Output:
----------------------------------------------------------
<end of output>
Test time =   0.06 sec
----------------------------------------------------------
Test Passed.
"eval_eval_call_cov_test" end time: Jan 21 15:57 Pacific Standard Time
"eval_eval_call_cov_test" time elapsed: 00:00:00
----------------------------------------------------------

95/103 Testing: eval_control_flow_cov_test
95/103 Test: eval_control_flow_cov_test
Command: "C:/Dev/Cursive/cursive-bootstrap/build/tests/Release/eval_control_flow_cov_test.exe"
Directory: C:/Dev/Cursive/cursive-bootstrap/build/tests
"eval_control_flow_cov_test" start time: Jan 21 15:57 Pacific Standard Time
Output:
----------------------------------------------------------
<end of output>
Test time =   0.06 sec
----------------------------------------------------------
Test Passed.
"eval_control_flow_cov_test" end time: Jan 21 15:57 Pacific Standard Time
"eval_control_flow_cov_test" time elapsed: 00:00:00
----------------------------------------------------------

96/103 Testing: eval_exec_flow_cov_test
96/103 Test: eval_exec_flow_cov_test
Command: "C:/Dev/Cursive/cursive-bootstrap/build/tests/Release/eval_exec_flow_cov_test.exe"
Directory: C:/Dev/Cursive/cursive-bootstrap/build/tests
"eval_exec_flow_cov_test" start time: Jan 21 15:57 Pacific Standard Time
Output:
----------------------------------------------------------
<end of output>
Test time =   0.05 sec
----------------------------------------------------------
Test Passed.
"eval_exec_flow_cov_test" end time: Jan 21 15:57 Pacific Standard Time
"eval_exec_flow_cov_test" time elapsed: 00:00:00
----------------------------------------------------------

97/103 Testing: eval_lookup_cov_test
97/103 Test: eval_lookup_cov_test
Command: "C:/Dev/Cursive/cursive-bootstrap/build/tests/Release/eval_lookup_cov_test.exe"
Directory: C:/Dev/Cursive/cursive-bootstrap/build/tests
"eval_lookup_cov_test" start time: Jan 21 15:57 Pacific Standard Time
Output:
----------------------------------------------------------
<end of output>
Test time =   0.06 sec
----------------------------------------------------------
Test Passed.
"eval_lookup_cov_test" end time: Jan 21 15:57 Pacific Standard Time
"eval_lookup_cov_test" time elapsed: 00:00:00
----------------------------------------------------------

98/103 Testing: eval_write_cov_test
98/103 Test: eval_write_cov_test
Command: "C:/Dev/Cursive/cursive-bootstrap/build/tests/Release/eval_write_cov_test.exe"
Directory: C:/Dev/Cursive/cursive-bootstrap/build/tests
"eval_write_cov_test" start time: Jan 21 15:57 Pacific Standard Time
Output:
----------------------------------------------------------
<end of output>
Test time =   0.05 sec
----------------------------------------------------------
Test Passed.
"eval_write_cov_test" end time: Jan 21 15:57 Pacific Standard Time
"eval_write_cov_test" time elapsed: 00:00:00
----------------------------------------------------------

99/103 Testing: eval_unwind_cov_test
99/103 Test: eval_unwind_cov_test
Command: "C:/Dev/Cursive/cursive-bootstrap/build/tests/Release/eval_unwind_cov_test.exe"
Directory: C:/Dev/Cursive/cursive-bootstrap/build/tests
"eval_unwind_cov_test" start time: Jan 21 15:57 Pacific Standard Time
Output:
----------------------------------------------------------
<end of output>
Test time =   0.05 sec
----------------------------------------------------------
Test Passed.
"eval_unwind_cov_test" end time: Jan 21 15:57 Pacific Standard Time
"eval_unwind_cov_test" time elapsed: 00:00:00
----------------------------------------------------------

100/103 Testing: eval_value_test
100/103 Test: eval_value_test
Command: "C:/Dev/Cursive/cursive-bootstrap/build/tests/Release/eval_value_test.exe"
Directory: C:/Dev/Cursive/cursive-bootstrap/build/tests
"eval_value_test" start time: Jan 21 15:57 Pacific Standard Time
Output:
----------------------------------------------------------
<end of output>
Test time =   0.04 sec
----------------------------------------------------------
Test Passed.
"eval_value_test" end time: Jan 21 15:57 Pacific Standard Time
"eval_value_test" time elapsed: 00:00:00
----------------------------------------------------------

101/103 Testing: eval_init_test
101/103 Test: eval_init_test
Command: "C:/Dev/Cursive/cursive-bootstrap/build/tests/Release/eval_init_test.exe"
Directory: C:/Dev/Cursive/cursive-bootstrap/build/tests
"eval_init_test" start time: Jan 21 15:57 Pacific Standard Time
Output:
----------------------------------------------------------
<end of output>
Test time =   0.06 sec
----------------------------------------------------------
Test Passed.
"eval_init_test" end time: Jan 21 15:57 Pacific Standard Time
"eval_init_test" time elapsed: 00:00:00
----------------------------------------------------------

102/103 Testing: eval_builtins_test
102/103 Test: eval_builtins_test
Command: "C:/Dev/Cursive/cursive-bootstrap/build/tests/Release/eval_builtins_test.exe"
Directory: C:/Dev/Cursive/cursive-bootstrap/build/tests
"eval_builtins_test" start time: Jan 21 15:57 Pacific Standard Time
Output:
----------------------------------------------------------
<end of output>
Test time =   0.06 sec
----------------------------------------------------------
Test Passed.
"eval_builtins_test" end time: Jan 21 15:57 Pacific Standard Time
"eval_builtins_test" time elapsed: 00:00:00
----------------------------------------------------------

103/103 Testing: eval_interpreter_test
103/103 Test: eval_interpreter_test
Command: "C:/Dev/Cursive/cursive-bootstrap/build/tests/Release/eval_interpreter_test.exe"
Directory: C:/Dev/Cursive/cursive-bootstrap/build/tests
"eval_interpreter_test" start time: Jan 21 15:57 Pacific Standard Time
Output:
----------------------------------------------------------
<end of output>
Test time =   0.05 sec
----------------------------------------------------------
Test Passed.
"eval_interpreter_test" end time: Jan 21 15:57 Pacific Standard Time
"eval_interpreter_test" time elapsed: 00:00:00
----------------------------------------------------------

End testing: Jan 21 15:57 Pacific Standard Time
